[0320/131651.313:ERROR:minidumpwritedump_with_crashpad_info.cc(435)] Failed to call MiniDumpWriteDump: Acceso denegado. (0x80070005)
[0320/131651.315:ERROR:minidumpwritedump_with_crashpad_info.cc(608)] Failed to write minidump file
[0320/131651.315:ERROR:crash_report_exception_handler.cc(122)] TryMiniDumpWriteDumpWithCrashpadInfo failed
[0320/131651.316:ERROR:process_memory_win.cc(73)] ReadMemory at 0x7ff734280000 of 64 bytes failed: Solo se completó una parte de una solicitud ReadProcessMemory o WriteProcessMemory. (0x12B)
[0320/131651.316:WARNING:pe_image_reader.cc(340)] could not read dos header from C:\Program Files (x86)\Microsoft\Edge\Application\msedge.exe
[0320/131651.317:ERROR:process_memory_win.cc(73)] ReadMemory at 0x7fff87740000 of 64 bytes failed: Solo se completó una parte de una solicitud ReadProcessMemory o WriteProcessMemory. (0x12B)
[0320/131651.317:WARNING:pe_image_reader.cc(340)] could not read dos header from C:\WINDOWS\SYSTEM32\ntdll.dll
[0320/131651.317:ERROR:process_memory_win.cc(73)] ReadMemory at 0x7fff87610000 of 64 bytes failed: Solo se completó una parte de una solicitud ReadProcessMemory o WriteProcessMemory. (0x12B)
[0320/131651.317:WARNING:pe_image_reader.cc(340)] could not read dos header from C:\WINDOWS\System32\KERNEL32.DLL
[0320/131651.317:ERROR:process_memory_win.cc(73)] ReadMemory at 0x7fff84ad0000 of 64 bytes failed: Solo se completó una parte de una solicitud ReadProcessMemory o WriteProcessMemory. (0x12B)
[0320/131651.317:WARNING:pe_image_reader.cc(340)] could not read dos header from C:\WINDOWS\System32\KERNELBASE.dll
[0320/131651.318:ERROR:process_memory_win.cc(73)] ReadMemory at 0x7fff3a6e0000 of 64 bytes failed: Solo se completó una parte de una solicitud ReadProcessMemory o WriteProcessMemory. (0x12B)
[0320/131651.318:WARNING:pe_image_reader.cc(340)] could not read dos header from C:\Program Files (x86)\Microsoft\Edge\Application\80.0.361.69\msedge_elf.dll
[0320/131651.318:ERROR:process_memory_win.cc(73)] ReadMemory at 0x7fff7f2c0000 of 64 bytes failed: Solo se completó una parte de una solicitud ReadProcessMemory o WriteProcessMemory. (0x12B)
[0320/131651.318:WARNING:pe_image_reader.cc(340)] could not read dos header from C:\WINDOWS\SYSTEM32\VERSION.dll
[0320/131651.318:ERROR:process_memory_win.cc(73)] ReadMemory at 0x7fff86640000 of 64 bytes failed: Solo se completó una parte de una solicitud ReadProcessMemory o WriteProcessMemory. (0x12B)
[0320/131651.318:WARNING:pe_image_reader.cc(340)] could not read dos header from C:\WINDOWS\System32\msvcrt.dll
[0320/131651.318:ERROR:process_memory_win.cc(73)] ReadMemory at 0x7fff84e20000 of 64 bytes failed: Solo se completó una parte de una solicitud ReadProcessMemory o WriteProcessMemory. (0x12B)
[0320/131651.318:WARNING:pe_image_reader.cc(340)] could not read dos header from C:\WINDOWS\System32\bcryptPrimitives.dll
[0320/131651.318:ERROR:process_memory_win.cc(73)] ReadMemory at 0x7fff85f50000 of 64 bytes failed: Solo se completó una parte de una solicitud ReadProcessMemory o WriteProcessMemory. (0x12B)
[0320/131651.318:WARNING:pe_image_reader.cc(340)] could not read dos header from C:\WINDOWS\System32\ADVAPI32.dll
[0320/131651.318:ERROR:process_memory_win.cc(73)] ReadMemory at 0x7fff85cc0000 of 64 bytes failed: Solo se completó una parte de una solicitud ReadProcessMemory o WriteProcessMemory. (0x12B)
[0320/131651.318:WARNING:pe_image_reader.cc(340)] could not read dos header from C:\WINDOWS\System32\sechost.dll
[0320/131651.318:ERROR:process_memory_win.cc(73)] ReadMemory at 0x7fff874f0000 of 64 bytes failed: Solo se completó una parte de una solicitud ReadProcessMemory o WriteProcessMemory. (0x12B)
[0320/131651.318:WARNING:pe_image_reader.cc(340)] could not read dos header from C:\WINDOWS\System32\RPCRT4.dll
[0320/131651.318:ERROR:process_memory_win.cc(73)] ReadMemory at 0x7fff86760000 of 64 bytes failed: Solo se completó una parte de una solicitud ReadProcessMemory o WriteProcessMemory. (0x12B)
[0320/131651.319:WARNING:pe_image_reader.cc(340)] could not read dos header from C:\WINDOWS\System32\WS2_32.dll
[0320/131651.319:ERROR:process_memory_win.cc(73)] ReadMemory at 0x7fff867e0000 of 64 bytes failed: Solo se completó una parte de una solicitud ReadProcessMemory o WriteProcessMemory. (0x12B)
[0320/131651.319:WARNING:pe_image_reader.cc(340)] could not read dos header from C:\WINDOWS\System32\OLEAUT32.dll
[0320/131651.319:ERROR:process_memory_win.cc(73)] ReadMemory at 0x7fff84d80000 of 64 bytes failed: Solo se completó una parte de una solicitud ReadProcessMemory o WriteProcessMemory. (0x12B)
[0320/131651.319:WARNING:pe_image_reader.cc(340)] could not read dos header from C:\WINDOWS\System32\msvcp_win.dll
[0320/131651.319:ERROR:process_memory_win.cc(73)] ReadMemory at 0x7fff847b0000 of 64 bytes failed: Solo se completó una parte de una solicitud ReadProcessMemory o WriteProcessMemory. (0x12B)
[0320/131651.319:WARNING:pe_image_reader.cc(340)] could not read dos header from C:\WINDOWS\System32\ucrtbase.dll
[0320/131651.319:ERROR:process_memory_win.cc(73)] ReadMemory at 0x7fff86300000 of 64 bytes failed: Solo se completó una parte de una solicitud ReadProcessMemory o WriteProcessMemory. (0x12B)
[0320/131651.319:WARNING:pe_image_reader.cc(340)] could not read dos header from C:\WINDOWS\System32\combase.dll
[0320/131651.319:ERROR:process_memory_win.cc(73)] ReadMemory at 0x7fff84700000 of 64 bytes failed: Solo se completó una parte de una solicitud ReadProcessMemory o WriteProcessMemory. (0x12B)
[0320/131651.319:WARNING:pe_image_reader.cc(340)] could not read dos header from C:\WINDOWS\System32\WINTRUST.dll
[0320/131651.319:ERROR:process_memory_win.cc(73)] ReadMemory at 0x7fff84610000 of 64 bytes failed: Solo se completó una parte de una solicitud ReadProcessMemory o WriteProcessMemory. (0x12B)
[0320/131651.319:WARNING:pe_image_reader.cc(340)] could not read dos header from C:\WINDOWS\System32\MSASN1.dll
[0320/131651.320:ERROR:process_memory_win.cc(73)] ReadMemory at 0x7fff848b0000 of 64 bytes failed: Solo se completó una parte de una solicitud ReadProcessMemory o WriteProcessMemory. (0x12B)
[0320/131651.320:WARNING:pe_image_reader.cc(340)] could not read dos header from C:\WINDOWS\System32\CRYPT32.dll
[0320/131651.320:ERROR:process_memory_win.cc(73)] ReadMemory at 0x7fff83b20000 of 64 bytes failed: Solo se completó una parte de una solicitud ReadProcessMemory o WriteProcessMemory. (0x12B)
[0320/131651.320:WARNING:pe_image_reader.cc(340)] could not read dos header from C:\WINDOWS\SYSTEM32\IPHLPAPI.DLL
[0320/131651.320:ERROR:process_memory_win.cc(73)] ReadMemory at 0x7fff802b0000 of 64 bytes failed: Solo se completó una parte de una solicitud ReadProcessMemory o WriteProcessMemory. (0x12B)
[0320/131651.320:WARNING:pe_image_reader.cc(340)] could not read dos header from C:\WINDOWS\SYSTEM32\WINMM.dll
[0320/131651.320:ERROR:process_memory_win.cc(73)] ReadMemory at 0x7fff76430000 of 64 bytes failed: Solo se completó una parte de una solicitud ReadProcessMemory o WriteProcessMemory. (0x12B)
[0320/131651.320:WARNING:pe_image_reader.cc(340)] could not read dos header from C:\WINDOWS\SYSTEM32\Secur32.dll
[0320/131651.320:ERROR:process_memory_win.cc(73)] ReadMemory at 0x7fff84520000 of 64 bytes failed: Solo se completó una parte de una solicitud ReadProcessMemory o WriteProcessMemory. (0x12B)
[0320/131651.320:WARNING:pe_image_reader.cc(340)] could not read dos header from C:\WINDOWS\SYSTEM32\USERENV.dll
[0320/131651.320:ERROR:process_memory_win.cc(73)] ReadMemory at 0x7fff846a0000 of 64 bytes failed: Solo se completó una parte de una solicitud ReadProcessMemory o WriteProcessMemory. (0x12B)
[0320/131651.320:WARNING:pe_image_reader.cc(340)] could not read dos header from C:\WINDOWS\System32\profapi.dll
[0320/131651.320:ERROR:process_memory_win.cc(73)] ReadMemory at 0x7fff500d0000 of 64 bytes failed: Solo se completó una parte de una solicitud ReadProcessMemory o WriteProcessMemory. (0x12B)
[0320/131651.320:WARNING:pe_image_reader.cc(340)] could not read dos header from C:\WINDOWS\SYSTEM32\UIAutomationCore.DLL
[0320/131651.321:ERROR:process_memory_win.cc(73)] ReadMemory at 0x7fff7b620000 of 64 bytes failed: Solo se completó una parte de una solicitud ReadProcessMemory o WriteProcessMemory. (0x12B)
[0320/131651.321:WARNING:pe_image_reader.cc(340)] could not read dos header from C:\WINDOWS\SYSTEM32\WINHTTP.dll
[0320/131651.321:ERROR:process_memory_win.cc(73)] ReadMemory at 0x7fff61e50000 of 64 bytes failed: Solo se completó una parte de una solicitud ReadProcessMemory o WriteProcessMemory. (0x12B)
[0320/131651.322:WARNING:pe_image_reader.cc(340)] could not read dos header from C:\WINDOWS\SYSTEM32\DWrite.dll
[0320/131651.323:ERROR:process_memory_win.cc(73)] ReadMemory at 0x7fff78d60000 of 64 bytes failed: Solo se completó una parte de una solicitud ReadProcessMemory o WriteProcessMemory. (0x12B)
[0320/131651.323:WARNING:pe_image_reader.cc(340)] could not read dos header from C:\WINDOWS\SYSTEM32\WINSPOOL.DRV
[0320/131651.323:ERROR:process_memory_win.cc(73)] ReadMemory at 0x7fff84680000 of 64 bytes failed: Solo se completó una parte de una solicitud ReadProcessMemory o WriteProcessMemory. (0x12B)
[0320/131651.323:WARNING:pe_image_reader.cc(340)] could not read dos header from C:\WINDOWS\System32\kernel.appcore.dll
[0320/131651.323:ERROR:process_memory_win.cc(73)] ReadMemory at 0x7fff846d0000 of 64 bytes failed: Solo se completó una parte de una solicitud ReadProcessMemory o WriteProcessMemory. (0x12B)
[0320/131651.323:WARNING:pe_image_reader.cc(340)] could not read dos header from C:\WINDOWS\System32\bcrypt.dll
[0320/131651.323:ERROR:process_memory_win.cc(73)] ReadMemory at 0x7fff82d80000 of 64 bytes failed: Solo se completó una parte de una solicitud ReadProcessMemory o WriteProcessMemory. (0x12B)
[0320/131651.323:WARNING:pe_image_reader.cc(340)] could not read dos header from C:\WINDOWS\SYSTEM32\dbghelp.dll
[0320/131651.324:ERROR:process_memory_win.cc(73)] ReadMemory at 0x7fff819b0000 of 64 bytes failed: Solo se completó una parte de una solicitud ReadProcessMemory o WriteProcessMemory. (0x12B)
[0320/131651.324:WARNING:pe_image_reader.cc(340)] could not read dos header from C:\WINDOWS\SYSTEM32\dhcpcsvc.DLL
[0320/131651.324:ERROR:process_memory_win.cc(73)] ReadMemory at 0x7fff867d0000 of 64 bytes failed: Solo se completó una parte de una solicitud ReadProcessMemory o WriteProcessMemory. (0x12B)
[0320/131651.324:WARNING:pe_image_reader.cc(340)] could not read dos header from C:\WINDOWS\System32\NSI.dll
[0320/131651.325:ERROR:process_memory_win.cc(73)] ReadMemory at 0x7fff80280000 of 64 bytes failed: Solo se completó una parte de una solicitud ReadProcessMemory o WriteProcessMemory. (0x12B)
[0320/131651.325:WARNING:pe_image_reader.cc(340)] could not read dos header from C:\WINDOWS\SYSTEM32\WINMMBASE.dll
[0320/131651.325:ERROR:process_memory_win.cc(73)] ReadMemory at 0x7fff84760000 of 64 bytes failed: Solo se completó una parte de una solicitud ReadProcessMemory o WriteProcessMemory. (0x12B)
[0320/131651.325:WARNING:pe_image_reader.cc(340)] could not read dos header from C:\WINDOWS\System32\cfgmgr32.dll
[0320/131651.327:ERROR:process_memory_win.cc(73)] ReadMemory at 0x7fff82230000 of 64 bytes failed: Solo se completó una parte de una solicitud ReadProcessMemory o WriteProcessMemory. (0x12B)
[0320/131651.327:WARNING:pe_image_reader.cc(340)] could not read dos header from C:\WINDOWS\SYSTEM32\PROPSYS.dll
[0320/131651.327:ERROR:process_memory_win.cc(73)] ReadMemory at 0x7fff85d60000 of 64 bytes failed: Solo se completó una parte de una solicitud ReadProcessMemory o WriteProcessMemory. (0x12B)
[0320/131651.328:WARNING:pe_image_reader.cc(340)] could not read dos header from C:\WINDOWS\System32\shcore.dll
[0320/131651.328:ERROR:process_memory_win.cc(73)] ReadMemory at 0x7fff844f0000 of 64 bytes failed: Solo se completó una parte de una solicitud ReadProcessMemory o WriteProcessMemory. (0x12B)
[0320/131651.328:WARNING:pe_image_reader.cc(340)] could not read dos header from C:\WINDOWS\SYSTEM32\SSPICLI.DLL
[0320/131651.328:ERROR:process_memory_win.cc(73)] ReadMemory at 0x7fff83fe0000 of 64 bytes failed: Solo se completó una parte de una solicitud ReadProcessMemory o WriteProcessMemory. (0x12B)
[0320/131651.328:WARNING:pe_image_reader.cc(340)] could not read dos header from C:\WINDOWS\SYSTEM32\CRYPTBASE.DLL
[0320/131651.328:ERROR:process_memory_win.cc(73)] ReadMemory at 0x7ff734280000 of 64 bytes failed: Solo se completó una parte de una solicitud ReadProcessMemory o WriteProcessMemory. (0x12B)
[0320/131651.328:WARNING:pe_image_reader.cc(340)] could not read dos header from C:\Program Files (x86)\Microsoft\Edge\Application\msedge.exe
[0320/131651.328:ERROR:process_memory_win.cc(73)] ReadMemory at 0x7ff734280000 of 64 bytes failed: Solo se completó una parte de una solicitud ReadProcessMemory o WriteProcessMemory. (0x12B)
[0320/131651.328:WARNING:pe_image_reader.cc(340)] could not read dos header from C:\Program Files (x86)\Microsoft\Edge\Application\msedge.exe
[0320/131651.328:ERROR:process_memory_win.cc(73)] ReadMemory at 0x7fff87740000 of 64 bytes failed: Solo se completó una parte de una solicitud ReadProcessMemory o WriteProcessMemory. (0x12B)
[0320/131651.328:WARNING:pe_image_reader.cc(340)] could not read dos header from C:\WINDOWS\SYSTEM32\ntdll.dll
[0320/131651.328:ERROR:process_memory_win.cc(73)] ReadMemory at 0x7fff87740000 of 64 bytes failed: Solo se completó una parte de una solicitud ReadProcessMemory o WriteProcessMemory. (0x12B)
[0320/131651.328:WARNING:pe_image_reader.cc(340)] could not read dos header from C:\WINDOWS\SYSTEM32\ntdll.dll
[0320/131651.329:ERROR:process_memory_win.cc(73)] ReadMemory at 0x7fff87610000 of 64 bytes failed: Solo se completó una parte de una solicitud ReadProcessMemory o WriteProcessMemory. (0x12B)
[0320/131651.329:WARNING:pe_image_reader.cc(340)] could not read dos header from C:\WINDOWS\System32\KERNEL32.DLL
[0320/131651.329:ERROR:process_memory_win.cc(73)] ReadMemory at 0x7fff87610000 of 64 bytes failed: Solo se completó una parte de una solicitud ReadProcessMemory o WriteProcessMemory. (0x12B)
[0320/131651.329:WARNING:pe_image_reader.cc(340)] could not read dos header from C:\WINDOWS\System32\KERNEL32.DLL
[0320/131651.329:ERROR:process_memory_win.cc(73)] ReadMemory at 0x7fff84ad0000 of 64 bytes failed: Solo se completó una parte de una solicitud ReadProcessMemory o WriteProcessMemory. (0x12B)
[0320/131651.329:WARNING:pe_image_reader.cc(340)] could not read dos header from C:\WINDOWS\System32\KERNELBASE.dll
[0320/131651.329:ERROR:process_memory_win.cc(73)] ReadMemory at 0x7fff84ad0000 of 64 bytes failed: Solo se completó una parte de una solicitud ReadProcessMemory o WriteProcessMemory. (0x12B)
[0320/131651.329:WARNING:pe_image_reader.cc(340)] could not read dos header from C:\WINDOWS\System32\KERNELBASE.dll
[0320/131651.329:ERROR:process_memory_win.cc(73)] ReadMemory at 0x7fff3a6e0000 of 64 bytes failed: Solo se completó una parte de una solicitud ReadProcessMemory o WriteProcessMemory. (0x12B)
[0320/131651.329:WARNING:pe_image_reader.cc(340)] could not read dos header from C:\Program Files (x86)\Microsoft\Edge\Application\80.0.361.69\msedge_elf.dll
[0320/131651.329:ERROR:process_memory_win.cc(73)] ReadMemory at 0x7fff3a6e0000 of 64 bytes failed: Solo se completó una parte de una solicitud ReadProcessMemory o WriteProcessMemory. (0x12B)
[0320/131651.329:WARNING:pe_image_reader.cc(340)] could not read dos header from C:\Program Files (x86)\Microsoft\Edge\Application\80.0.361.69\msedge_elf.dll
[0320/131651.329:ERROR:process_memory_win.cc(73)] ReadMemory at 0x7fff7f2c0000 of 64 bytes failed: Solo se completó una parte de una solicitud ReadProcessMemory o WriteProcessMemory. (0x12B)
[0320/131651.329:WARNING:pe_image_reader.cc(340)] could not read dos header from C:\WINDOWS\SYSTEM32\VERSION.dll
[0320/131651.329:ERROR:process_memory_win.cc(73)] ReadMemory at 0x7fff7f2c0000 of 64 bytes failed: Solo se completó una parte de una solicitud ReadProcessMemory o WriteProcessMemory. (0x12B)
[0320/131651.329:WARNING:pe_image_reader.cc(340)] could not read dos header from C:\WINDOWS\SYSTEM32\VERSION.dll
[0320/131651.330:ERROR:process_memory_win.cc(73)] ReadMemory at 0x7fff86640000 of 64 bytes failed: Solo se completó una parte de una solicitud ReadProcessMemory o WriteProcessMemory. (0x12B)
[0320/131651.330:WARNING:pe_image_reader.cc(340)] could not read dos header from C:\WINDOWS\System32\msvcrt.dll
[0320/131651.330:ERROR:process_memory_win.cc(73)] ReadMemory at 0x7fff86640000 of 64 bytes failed: Solo se completó una parte de una solicitud ReadProcessMemory o WriteProcessMemory. (0x12B)
[0320/131651.330:WARNING:pe_image_reader.cc(340)] could not read dos header from C:\WINDOWS\System32\msvcrt.dll
[0320/131651.330:ERROR:process_memory_win.cc(73)] ReadMemory at 0x7fff84e20000 of 64 bytes failed: Solo se completó una parte de una solicitud ReadProcessMemory o WriteProcessMemory. (0x12B)
[0320/131651.330:WARNING:pe_image_reader.cc(340)] could not read dos header from C:\WINDOWS\System32\bcryptPrimitives.dll
[0320/131651.330:ERROR:process_memory_win.cc(73)] ReadMemory at 0x7fff84e20000 of 64 bytes failed: Solo se completó una parte de una solicitud ReadProcessMemory o WriteProcessMemory. (0x12B)
[0320/131651.330:WARNING:pe_image_reader.cc(340)] could not read dos header from C:\WINDOWS\System32\bcryptPrimitives.dll
[0320/131651.330:ERROR:process_memory_win.cc(73)] ReadMemory at 0x7fff85f50000 of 64 bytes failed: Solo se completó una parte de una solicitud ReadProcessMemory o WriteProcessMemory. (0x12B)
[0320/131651.330:WARNING:pe_image_reader.cc(340)] could not read dos header from C:\WINDOWS\System32\ADVAPI32.dll
[0320/131651.330:ERROR:process_memory_win.cc(73)] ReadMemory at 0x7fff85f50000 of 64 bytes failed: Solo se completó una parte de una solicitud ReadProcessMemory o WriteProcessMemory. (0x12B)
[0320/131651.330:WARNING:pe_image_reader.cc(340)] could not read dos header from C:\WINDOWS\System32\ADVAPI32.dll
[0320/131651.330:ERROR:process_memory_win.cc(73)] ReadMemory at 0x7fff85cc0000 of 64 bytes failed: Solo se completó una parte de una solicitud ReadProcessMemory o WriteProcessMemory. (0x12B)
[0320/131651.331:WARNING:pe_image_reader.cc(340)] could not read dos header from C:\WINDOWS\System32\sechost.dll
[0320/131651.331:ERROR:process_memory_win.cc(73)] ReadMemory at 0x7fff85cc0000 of 64 bytes failed: Solo se completó una parte de una solicitud ReadProcessMemory o WriteProcessMemory. (0x12B)
[0320/131651.331:WARNING:pe_image_reader.cc(340)] could not read dos header from C:\WINDOWS\System32\sechost.dll
[0320/131651.331:ERROR:process_memory_win.cc(73)] ReadMemory at 0x7fff874f0000 of 64 bytes failed: Solo se completó una parte de una solicitud ReadProcessMemory o WriteProcessMemory. (0x12B)
[0320/131651.331:WARNING:pe_image_reader.cc(340)] could not read dos header from C:\WINDOWS\System32\RPCRT4.dll
[0320/131651.331:ERROR:process_memory_win.cc(73)] ReadMemory at 0x7fff874f0000 of 64 bytes failed: Solo se completó una parte de una solicitud ReadProcessMemory o WriteProcessMemory. (0x12B)
[0320/131651.331:WARNING:pe_image_reader.cc(340)] could not read dos header from C:\WINDOWS\System32\RPCRT4.dll
[0320/131651.331:ERROR:process_memory_win.cc(73)] ReadMemory at 0x7fff2dff0000 of 64 bytes failed: Solo se completó una parte de una solicitud ReadProcessMemory o WriteProcessMemory. (0x12B)
[0320/131651.331:WARNING:pe_image_reader.cc(340)] could not read dos header from C:\Program Files (x86)\Microsoft\Edge\Application\80.0.361.69\msedge.dll
[0320/131651.331:ERROR:process_memory_win.cc(73)] ReadMemory at 0x7fff2dff0000 of 64 bytes failed: Solo se completó una parte de una solicitud ReadProcessMemory o WriteProcessMemory. (0x12B)
[0320/131651.331:WARNING:pe_image_reader.cc(340)] could not read dos header from C:\Program Files (x86)\Microsoft\Edge\Application\80.0.361.69\msedge.dll
[0320/131651.331:ERROR:process_memory_win.cc(73)] ReadMemory at 0x7fff86760000 of 64 bytes failed: Solo se completó una parte de una solicitud ReadProcessMemory o WriteProcessMemory. (0x12B)
[0320/131651.331:WARNING:pe_image_reader.cc(340)] could not read dos header from C:\WINDOWS\System32\WS2_32.dll
[0320/131651.331:ERROR:process_memory_win.cc(73)] ReadMemory at 0x7fff86760000 of 64 bytes failed: Solo se completó una parte de una solicitud ReadProcessMemory o WriteProcessMemory. (0x12B)
[0320/131651.331:WARNING:pe_image_reader.cc(340)] could not read dos header from C:\WINDOWS\System32\WS2_32.dll
[0320/131651.331:ERROR:process_memory_win.cc(73)] ReadMemory at 0x7fff867e0000 of 64 bytes failed: Solo se completó una parte de una solicitud ReadProcessMemory o WriteProcessMemory. (0x12B)
[0320/131651.332:WARNING:pe_image_reader.cc(340)] could not read dos header from C:\WINDOWS\System32\OLEAUT32.dll
[0320/131651.332:ERROR:process_memory_win.cc(73)] ReadMemory at 0x7fff867e0000 of 64 bytes failed: Solo se completó una parte de una solicitud ReadProcessMemory o WriteProcessMemory. (0x12B)
[0320/131651.332:WARNING:pe_image_reader.cc(340)] could not read dos header from C:\WINDOWS\System32\OLEAUT32.dll
[0320/131651.332:ERROR:process_memory_win.cc(73)] ReadMemory at 0x7fff84d80000 of 64 bytes failed: Solo se completó una parte de una solicitud ReadProcessMemory o WriteProcessMemory. (0x12B)
[0320/131651.332:WARNING:pe_image_reader.cc(340)] could not read dos header from C:\WINDOWS\System32\msvcp_win.dll
[0320/131651.332:ERROR:process_memory_win.cc(73)] ReadMemory at 0x7fff84d80000 of 64 bytes failed: Solo se completó una parte de una solicitud ReadProcessMemory o WriteProcessMemory. (0x12B)
[0320/131651.332:WARNING:pe_image_reader.cc(340)] could not read dos header from C:\WINDOWS\System32\msvcp_win.dll
[0320/131651.332:ERROR:process_memory_win.cc(73)] ReadMemory at 0x7fff847b0000 of 64 bytes failed: Solo se completó una parte de una solicitud ReadProcessMemory o WriteProcessMemory. (0x12B)
[0320/131651.332:WARNING:pe_image_reader.cc(340)] could not read dos header from C:\WINDOWS\System32\ucrtbase.dll
[0320/131651.332:ERROR:process_memory_win.cc(73)] ReadMemory at 0x7fff847b0000 of 64 bytes failed: Solo se completó una parte de una solicitud ReadProcessMemory o WriteProcessMemory. (0x12B)
[0320/131651.332:WARNING:pe_image_reader.cc(340)] could not read dos header from C:\WINDOWS\System32\ucrtbase.dll
[0320/131651.332:ERROR:process_memory_win.cc(73)] ReadMemory at 0x7fff86300000 of 64 bytes failed: Solo se completó una parte de una solicitud ReadProcessMemory o WriteProcessMemory. (0x12B)
[0320/131651.332:WARNING:pe_image_reader.cc(340)] could not read dos header from C:\WINDOWS\System32\combase.dll
[0320/131651.332:ERROR:process_memory_win.cc(73)] ReadMemory at 0x7fff86300000 of 64 bytes failed: Solo se completó una parte de una solicitud ReadProcessMemory o WriteProcessMemory. (0x12B)
[0320/131651.332:WARNING:pe_image_reader.cc(340)] could not read dos header from C:\WINDOWS\System32\combase.dll
[0320/131651.333:ERROR:process_memory_win.cc(73)] ReadMemory at 0x7fff84700000 of 64 bytes failed: Solo se completó una parte de una solicitud ReadProcessMemory o WriteProcessMemory. (0x12B)
[0320/131651.333:WARNING:pe_image_reader.cc(340)] could not read dos header from C:\WINDOWS\System32\WINTRUST.dll
[0320/131651.333:ERROR:process_memory_win.cc(73)] ReadMemory at 0x7fff84700000 of 64 bytes failed: Solo se completó una parte de una solicitud ReadProcessMemory o WriteProcessMemory. (0x12B)
[0320/131651.333:WARNING:pe_image_reader.cc(340)] could not read dos header from C:\WINDOWS\System32\WINTRUST.dll
[0320/131651.333:ERROR:process_memory_win.cc(73)] ReadMemory at 0x7fff84610000 of 64 bytes failed: Solo se completó una parte de una solicitud ReadProcessMemory o WriteProcessMemory. (0x12B)
[0320/131651.333:WARNING:pe_image_reader.cc(340)] could not read dos header from C:\WINDOWS\System32\MSASN1.dll
[0320/131651.333:ERROR:process_memory_win.cc(73)] ReadMemory at 0x7fff84610000 of 64 bytes failed: Solo se completó una parte de una solicitud ReadProcessMemory o WriteProcessMemory. (0x12B)
[0320/131651.333:WARNING:pe_image_reader.cc(340)] could not read dos header from C:\WINDOWS\System32\MSASN1.dll
[0320/131651.333:ERROR:process_memory_win.cc(73)] ReadMemory at 0x7fff848b0000 of 64 bytes failed: Solo se completó una parte de una solicitud ReadProcessMemory o WriteProcessMemory. (0x12B)
[0320/131651.333:WARNING:pe_image_reader.cc(340)] could not read dos header from C:\WINDOWS\System32\CRYPT32.dll
[0320/131651.333:ERROR:process_memory_win.cc(73)] ReadMemory at 0x7fff848b0000 of 64 bytes failed: Solo se completó una parte de una solicitud ReadProcessMemory o WriteProcessMemory. (0x12B)
[0320/131651.333:WARNING:pe_image_reader.cc(340)] could not read dos header from C:\WINDOWS\System32\CRYPT32.dll
[0320/131651.333:ERROR:process_memory_win.cc(73)] ReadMemory at 0x7fff83b20000 of 64 bytes failed: Solo se completó una parte de una solicitud ReadProcessMemory o WriteProcessMemory. (0x12B)
[0320/131651.333:WARNING:pe_image_reader.cc(340)] could not read dos header from C:\WINDOWS\SYSTEM32\IPHLPAPI.DLL
[0320/131651.334:ERROR:process_memory_win.cc(73)] ReadMemory at 0x7fff83b20000 of 64 bytes failed: Solo se completó una parte de una solicitud ReadProcessMemory o WriteProcessMemory. (0x12B)
[0320/131651.334:WARNING:pe_image_reader.cc(340)] could not read dos header from C:\WINDOWS\SYSTEM32\IPHLPAPI.DLL
[0320/131651.334:ERROR:process_memory_win.cc(73)] ReadMemory at 0x7fff802b0000 of 64 bytes failed: Solo se completó una parte de una solicitud ReadProcessMemory o WriteProcessMemory. (0x12B)
[0320/131651.334:WARNING:pe_image_reader.cc(340)] could not read dos header from C:\WINDOWS\SYSTEM32\WINMM.dll
[0320/131651.334:ERROR:process_memory_win.cc(73)] ReadMemory at 0x7fff802b0000 of 64 bytes failed: Solo se completó una parte de una solicitud ReadProcessMemory o WriteProcessMemory. (0x12B)
[0320/131651.334:WARNING:pe_image_reader.cc(340)] could not read dos header from C:\WINDOWS\SYSTEM32\WINMM.dll
[0320/131651.334:ERROR:process_memory_win.cc(73)] ReadMemory at 0x7fff76430000 of 64 bytes failed: Solo se completó una parte de una solicitud ReadProcessMemory o WriteProcessMemory. (0x12B)
[0320/131651.334:WARNING:pe_image_reader.cc(340)] could not read dos header from C:\WINDOWS\SYSTEM32\Secur32.dll
[0320/131651.334:ERROR:process_memory_win.cc(73)] ReadMemory at 0x7fff76430000 of 64 bytes failed: Solo se completó una parte de una solicitud ReadProcessMemory o WriteProcessMemory. (0x12B)
[0320/131651.334:WARNING:pe_image_reader.cc(340)] could not read dos header from C:\WINDOWS\SYSTEM32\Secur32.dll
[0320/131651.334:ERROR:process_memory_win.cc(73)] ReadMemory at 0x7fff84520000 of 64 bytes failed: Solo se completó una parte de una solicitud ReadProcessMemory o WriteProcessMemory. (0x12B)
[0320/131651.334:WARNING:pe_image_reader.cc(340)] could not read dos header from C:\WINDOWS\SYSTEM32\USERENV.dll
[0320/131651.335:ERROR:process_memory_win.cc(73)] ReadMemory at 0x7fff84520000 of 64 bytes failed: Solo se completó una parte de una solicitud ReadProcessMemory o WriteProcessMemory. (0x12B)
[0320/131651.335:WARNING:pe_image_reader.cc(340)] could not read dos header from C:\WINDOWS\SYSTEM32\USERENV.dll
[0320/131651.335:ERROR:process_memory_win.cc(73)] ReadMemory at 0x7fff846a0000 of 64 bytes failed: Solo se completó una parte de una solicitud ReadProcessMemory o WriteProcessMemory. (0x12B)
[0320/131651.335:WARNING:pe_image_reader.cc(340)] could not read dos header from C:\WINDOWS\System32\profapi.dll
[0320/131651.335:ERROR:process_memory_win.cc(73)] ReadMemory at 0x7fff846a0000 of 64 bytes failed: Solo se completó una parte de una solicitud ReadProcessMemory o WriteProcessMemory. (0x12B)
[0320/131651.335:WARNING:pe_image_reader.cc(340)] could not read dos header from C:\WINDOWS\System32\profapi.dll
[0320/131651.335:ERROR:process_memory_win.cc(73)] ReadMemory at 0x7fff500d0000 of 64 bytes failed: Solo se completó una parte de una solicitud ReadProcessMemory o WriteProcessMemory. (0x12B)
[0320/131651.335:WARNING:pe_image_reader.cc(340)] could not read dos header from C:\WINDOWS\SYSTEM32\UIAutomationCore.DLL
[0320/131651.335:ERROR:process_memory_win.cc(73)] ReadMemory at 0x7fff500d0000 of 64 bytes failed: Solo se completó una parte de una solicitud ReadProcessMemory o WriteProcessMemory. (0x12B)
[0320/131651.335:WARNING:pe_image_reader.cc(340)] could not read dos header from C:\WINDOWS\SYSTEM32\UIAutomationCore.DLL
[0320/131651.335:ERROR:process_memory_win.cc(73)] ReadMemory at 0x7fff7b620000 of 64 bytes failed: Solo se completó una parte de una solicitud ReadProcessMemory o WriteProcessMemory. (0x12B)
[0320/131651.335:WARNING:pe_image_reader.cc(340)] could not read dos header from C:\WINDOWS\SYSTEM32\WINHTTP.dll
[0320/131651.335:ERROR:process_memory_win.cc(73)] ReadMemory at 0x7fff7b620000 of 64 bytes failed: Solo se completó una parte de una solicitud ReadProcessMemory o WriteProcessMemory. (0x12B)
[0320/131651.335:WARNING:pe_image_reader.cc(340)] could not read dos header from C:\WINDOWS\SYSTEM32\WINHTTP.dll
[0320/131651.335:ERROR:process_memory_win.cc(73)] ReadMemory at 0x7fff61e50000 of 64 bytes failed: Solo se completó una parte de una solicitud ReadProcessMemory o WriteProcessMemory. (0x12B)
[0320/131651.335:WARNING:pe_image_reader.cc(340)] could not read dos header from C:\WINDOWS\SYSTEM32\DWrite.dll
[0320/131651.336:ERROR:process_memory_win.cc(73)] ReadMemory at 0x7fff61e50000 of 64 bytes failed: Solo se completó una parte de una solicitud ReadProcessMemory o WriteProcessMemory. (0x12B)
[0320/131651.336:WARNING:pe_image_reader.cc(340)] could not read dos header from C:\WINDOWS\SYSTEM32\DWrite.dll
[0320/131651.336:ERROR:process_memory_win.cc(73)] ReadMemory at 0x7fff78d60000 of 64 bytes failed: Solo se completó una parte de una solicitud ReadProcessMemory o WriteProcessMemory. (0x12B)
[0320/131651.336:WARNING:pe_image_reader.cc(340)] could not read dos header from C:\WINDOWS\SYSTEM32\WINSPOOL.DRV
[0320/131651.336:ERROR:process_memory_win.cc(73)] ReadMemory at 0x7fff78d60000 of 64 bytes failed: Solo se completó una parte de una solicitud ReadProcessMemory o WriteProcessMemory. (0x12B)
[0320/131651.336:WARNING:pe_image_reader.cc(340)] could not read dos header from C:\WINDOWS\SYSTEM32\WINSPOOL.DRV
[0320/131651.336:ERROR:process_memory_win.cc(73)] ReadMemory at 0x7fff84680000 of 64 bytes failed: Solo se completó una parte de una solicitud ReadProcessMemory o WriteProcessMemory. (0x12B)
[0320/131651.336:WARNING:pe_image_reader.cc(340)] could not read dos header from C:\WINDOWS\System32\kernel.appcore.dll
[0320/131651.336:ERROR:process_memory_win.cc(73)] ReadMemory at 0x7fff84680000 of 64 bytes failed: Solo se completó una parte de una solicitud ReadProcessMemory o WriteProcessMemory. (0x12B)
[0320/131651.336:WARNING:pe_image_reader.cc(340)] could not read dos header from C:\WINDOWS\System32\kernel.appcore.dll
[0320/131651.336:ERROR:process_memory_win.cc(73)] ReadMemory at 0x7fff846d0000 of 64 bytes failed: Solo se completó una parte de una solicitud ReadProcessMemory o WriteProcessMemory. (0x12B)
[0320/131651.336:WARNING:pe_image_reader.cc(340)] could not read dos header from C:\WINDOWS\System32\bcrypt.dll
[0320/131651.336:ERROR:process_memory_win.cc(73)] ReadMemory at 0x7fff846d0000 of 64 bytes failed: Solo se completó una parte de una solicitud ReadProcessMemory o WriteProcessMemory. (0x12B)
[0320/131651.336:WARNING:pe_image_reader.cc(340)] could not read dos header from C:\WINDOWS\System32\bcrypt.dll
[0320/131651.336:ERROR:process_memory_win.cc(73)] ReadMemory at 0x7fff82d80000 of 64 bytes failed: Solo se completó una parte de una solicitud ReadProcessMemory o WriteProcessMemory. (0x12B)
[0320/131651.336:WARNING:pe_image_reader.cc(340)] could not read dos header from C:\WINDOWS\SYSTEM32\dbghelp.dll
[0320/131651.337:ERROR:process_memory_win.cc(73)] ReadMemory at 0x7fff82d80000 of 64 bytes failed: Solo se completó una parte de una solicitud ReadProcessMemory o WriteProcessMemory. (0x12B)
[0320/131651.337:WARNING:pe_image_reader.cc(340)] could not read dos header from C:\WINDOWS\SYSTEM32\dbghelp.dll
[0320/131651.337:ERROR:process_memory_win.cc(73)] ReadMemory at 0x7fff819b0000 of 64 bytes failed: Solo se completó una parte de una solicitud ReadProcessMemory o WriteProcessMemory. (0x12B)
[0320/131651.337:WARNING:pe_image_reader.cc(340)] could not read dos header from C:\WINDOWS\SYSTEM32\dhcpcsvc.DLL
[0320/131651.337:ERROR:process_memory_win.cc(73)] ReadMemory at 0x7fff819b0000 of 64 bytes failed: Solo se completó una parte de una solicitud ReadProcessMemory o WriteProcessMemory. (0x12B)
[0320/131651.337:WARNING:pe_image_reader.cc(340)] could not read dos header from C:\WINDOWS\SYSTEM32\dhcpcsvc.DLL
[0320/131651.337:ERROR:process_memory_win.cc(73)] ReadMemory at 0x7fff867d0000 of 64 bytes failed: Solo se completó una parte de una solicitud ReadProcessMemory o WriteProcessMemory. (0x12B)
[0320/131651.337:WARNING:pe_image_reader.cc(340)] could not read dos header from C:\WINDOWS\System32\NSI.dll
[0320/131651.337:ERROR:process_memory_win.cc(73)] ReadMemory at 0x7fff867d0000 of 64 bytes failed: Solo se completó una parte de una solicitud ReadProcessMemory o WriteProcessMemory. (0x12B)
[0320/131651.337:WARNING:pe_image_reader.cc(340)] could not read dos header from C:\WINDOWS\System32\NSI.dll
[0320/131651.337:ERROR:process_memory_win.cc(73)] ReadMemory at 0x7fff80280000 of 64 bytes failed: Solo se completó una parte de una solicitud ReadProcessMemory o WriteProcessMemory. (0x12B)
[0320/131651.337:WARNING:pe_image_reader.cc(340)] could not read dos header from C:\WINDOWS\SYSTEM32\WINMMBASE.dll
[0320/131651.337:ERROR:process_memory_win.cc(73)] ReadMemory at 0x7fff80280000 of 64 bytes failed: Solo se completó una parte de una solicitud ReadProcessMemory o WriteProcessMemory. (0x12B)
[0320/131651.337:WARNING:pe_image_reader.cc(340)] could not read dos header from C:\WINDOWS\SYSTEM32\WINMMBASE.dll
[0320/131651.338:ERROR:process_memory_win.cc(73)] ReadMemory at 0x7fff84760000 of 64 bytes failed: Solo se completó una parte de una solicitud ReadProcessMemory o WriteProcessMemory. (0x12B)
[0320/131651.338:WARNING:pe_image_reader.cc(340)] could not read dos header from C:\WINDOWS\System32\cfgmgr32.dll
[0320/131651.338:ERROR:process_memory_win.cc(73)] ReadMemory at 0x7fff84760000 of 64 bytes failed: Solo se completó una parte de una solicitud ReadProcessMemory o WriteProcessMemory. (0x12B)
[0320/131651.338:WARNING:pe_image_reader.cc(340)] could not read dos header from C:\WINDOWS\System32\cfgmgr32.dll
[0320/131651.338:ERROR:process_memory_win.cc(73)] ReadMemory at 0x7fff82230000 of 64 bytes failed: Solo se completó una parte de una solicitud ReadProcessMemory o WriteProcessMemory. (0x12B)
[0320/131651.338:WARNING:pe_image_reader.cc(340)] could not read dos header from C:\WINDOWS\SYSTEM32\PROPSYS.dll
[0320/131651.338:ERROR:process_memory_win.cc(73)] ReadMemory at 0x7fff82230000 of 64 bytes failed: Solo se completó una parte de una solicitud ReadProcessMemory o WriteProcessMemory. (0x12B)
[0320/131651.338:WARNING:pe_image_reader.cc(340)] could not read dos header from C:\WINDOWS\SYSTEM32\PROPSYS.dll
[0320/131651.338:ERROR:process_memory_win.cc(73)] ReadMemory at 0x7fff85d60000 of 64 bytes failed: Solo se completó una parte de una solicitud ReadProcessMemory o WriteProcessMemory. (0x12B)
[0320/131651.338:WARNING:pe_image_reader.cc(340)] could not read dos header from C:\WINDOWS\System32\shcore.dll
[0320/131651.338:ERROR:process_memory_win.cc(73)] ReadMemory at 0x7fff85d60000 of 64 bytes failed: Solo se completó una parte de una solicitud ReadProcessMemory o WriteProcessMemory. (0x12B)
[0320/131651.338:WARNING:pe_image_reader.cc(340)] could not read dos header from C:\WINDOWS\System32\shcore.dll
[0320/131651.338:ERROR:process_memory_win.cc(73)] ReadMemory at 0x7fff844f0000 of 64 bytes failed: Solo se completó una parte de una solicitud ReadProcessMemory o WriteProcessMemory. (0x12B)
[0320/131651.338:WARNING:pe_image_reader.cc(340)] could not read dos header from C:\WINDOWS\SYSTEM32\SSPICLI.DLL
[0320/131651.338:ERROR:process_memory_win.cc(73)] ReadMemory at 0x7fff844f0000 of 64 bytes failed: Solo se completó una parte de una solicitud ReadProcessMemory o WriteProcessMemory. (0x12B)
[0320/131651.339:WARNING:pe_image_reader.cc(340)] could not read dos header from C:\WINDOWS\SYSTEM32\SSPICLI.DLL
[0320/131651.339:ERROR:process_memory_win.cc(73)] ReadMemory at 0x7fff83fe0000 of 64 bytes failed: Solo se completó una parte de una solicitud ReadProcessMemory o WriteProcessMemory. (0x12B)
[0320/131651.339:WARNING:pe_image_reader.cc(340)] could not read dos header from C:\WINDOWS\SYSTEM32\CRYPTBASE.DLL
[0320/131651.339:ERROR:process_memory_win.cc(73)] ReadMemory at 0x7fff83fe0000 of 64 bytes failed: Solo se completó una parte de una solicitud ReadProcessMemory o WriteProcessMemory. (0x12B)
[0320/131651.339:WARNING:pe_image_reader.cc(340)] could not read dos header from C:\WINDOWS\SYSTEM32\CRYPTBASE.DLL
[0320/131651.407:ERROR:process_memory_win.cc(73)] ReadMemory at 0x7ff734280000 of 64 bytes failed: Solo se completó una parte de una solicitud ReadProcessMemory o WriteProcessMemory. (0x12B)
[0320/131651.407:WARNING:pe_image_reader.cc(340)] could not read dos header from C:\Program Files (x86)\Microsoft\Edge\Application\msedge.exe
[0320/131651.407:ERROR:process_memory_win.cc(73)] ReadMemory at 0x7fff87740000 of 64 bytes failed: Solo se completó una parte de una solicitud ReadProcessMemory o WriteProcessMemory. (0x12B)
[0320/131651.407:WARNING:pe_image_reader.cc(340)] could not read dos header from C:\WINDOWS\SYSTEM32\ntdll.dll
[0320/131651.407:ERROR:process_memory_win.cc(73)] ReadMemory at 0x7fff87610000 of 64 bytes failed: Solo se completó una parte de una solicitud ReadProcessMemory o WriteProcessMemory. (0x12B)
[0320/131651.407:WARNING:pe_image_reader.cc(340)] could not read dos header from C:\WINDOWS\System32\KERNEL32.DLL
[0320/131651.407:ERROR:process_memory_win.cc(73)] ReadMemory at 0x7fff84ad0000 of 64 bytes failed: Solo se completó una parte de una solicitud ReadProcessMemory o WriteProcessMemory. (0x12B)
[0320/131651.407:WARNING:pe_image_reader.cc(340)] could not read dos header from C:\WINDOWS\System32\KERNELBASE.dll
[0320/131651.407:ERROR:process_memory_win.cc(73)] ReadMemory at 0x7fff3a6e0000 of 64 bytes failed: Solo se completó una parte de una solicitud ReadProcessMemory o WriteProcessMemory. (0x12B)
[0320/131651.407:WARNING:pe_image_reader.cc(340)] could not read dos header from C:\Program Files (x86)\Microsoft\Edge\Application\80.0.361.69\msedge_elf.dll
[0320/131651.407:ERROR:process_memory_win.cc(73)] ReadMemory at 0x7fff7f2c0000 of 64 bytes failed: Solo se completó una parte de una solicitud ReadProcessMemory o WriteProcessMemory. (0x12B)
[0320/131651.407:WARNING:pe_image_reader.cc(340)] could not read dos header from C:\WINDOWS\SYSTEM32\VERSION.dll
[0320/131651.408:ERROR:process_memory_win.cc(73)] ReadMemory at 0x7fff86640000 of 64 bytes failed: Solo se completó una parte de una solicitud ReadProcessMemory o WriteProcessMemory. (0x12B)
[0320/131651.408:WARNING:pe_image_reader.cc(340)] could not read dos header from C:\WINDOWS\System32\msvcrt.dll
[0320/131651.408:ERROR:process_memory_win.cc(73)] ReadMemory at 0x7fff84e20000 of 64 bytes failed: Solo se completó una parte de una solicitud ReadProcessMemory o WriteProcessMemory. (0x12B)
[0320/131651.408:WARNING:pe_image_reader.cc(340)] could not read dos header from C:\WINDOWS\System32\bcryptPrimitives.dll
[0320/131651.408:ERROR:process_memory_win.cc(73)] ReadMemory at 0x7fff85f50000 of 64 bytes failed: Solo se completó una parte de una solicitud ReadProcessMemory o WriteProcessMemory. (0x12B)
[0320/131651.408:WARNING:pe_image_reader.cc(340)] could not read dos header from C:\WINDOWS\System32\ADVAPI32.dll
[0320/131651.408:ERROR:process_memory_win.cc(73)] ReadMemory at 0x7fff85cc0000 of 64 bytes failed: Solo se completó una parte de una solicitud ReadProcessMemory o WriteProcessMemory. (0x12B)
[0320/131651.408:WARNING:pe_image_reader.cc(340)] could not read dos header from C:\WINDOWS\System32\sechost.dll
[0320/131651.408:ERROR:process_memory_win.cc(73)] ReadMemory at 0x7fff874f0000 of 64 bytes failed: Solo se completó una parte de una solicitud ReadProcessMemory o WriteProcessMemory. (0x12B)
[0320/131651.408:WARNING:pe_image_reader.cc(340)] could not read dos header from C:\WINDOWS\System32\RPCRT4.dll
[0320/131651.408:ERROR:process_memory_win.cc(73)] ReadMemory at 0x7fff2dff0000 of 64 bytes failed: Solo se completó una parte de una solicitud ReadProcessMemory o WriteProcessMemory. (0x12B)
[0320/131651.408:WARNING:pe_image_reader.cc(340)] could not read dos header from C:\Program Files (x86)\Microsoft\Edge\Application\80.0.361.69\msedge.dll
[0320/131651.408:ERROR:process_memory_win.cc(73)] ReadMemory at 0x7fff86760000 of 64 bytes failed: Solo se completó una parte de una solicitud ReadProcessMemory o WriteProcessMemory. (0x12B)
[0320/131651.408:WARNING:pe_image_reader.cc(340)] could not read dos header from C:\WINDOWS\System32\WS2_32.dll
[0320/131651.409:ERROR:process_memory_win.cc(73)] ReadMemory at 0x7fff867e0000 of 64 bytes failed: Solo se completó una parte de una solicitud ReadProcessMemory o WriteProcessMemory. (0x12B)
[0320/131651.409:WARNING:pe_image_reader.cc(340)] could not read dos header from C:\WINDOWS\System32\OLEAUT32.dll
[0320/131651.409:ERROR:process_memory_win.cc(73)] ReadMemory at 0x7fff84d80000 of 64 bytes failed: Solo se completó una parte de una solicitud ReadProcessMemory o WriteProcessMemory. (0x12B)
[0320/131651.409:WARNING:pe_image_reader.cc(340)] could not read dos header from C:\WINDOWS\System32\msvcp_win.dll
[0320/131651.409:ERROR:process_memory_win.cc(73)] ReadMemory at 0x7fff847b0000 of 64 bytes failed: Solo se completó una parte de una solicitud ReadProcessMemory o WriteProcessMemory. (0x12B)
[0320/131651.409:WARNING:pe_image_reader.cc(340)] could not read dos header from C:\WINDOWS\System32\ucrtbase.dll
[0320/131651.409:ERROR:process_memory_win.cc(73)] ReadMemory at 0x7fff86300000 of 64 bytes failed: Solo se completó una parte de una solicitud ReadProcessMemory o WriteProcessMemory. (0x12B)
[0320/131651.409:WARNING:pe_image_reader.cc(340)] could not read dos header from C:\WINDOWS\System32\combase.dll
[0320/131651.410:ERROR:process_memory_win.cc(73)] ReadMemory at 0x7fff84700000 of 64 bytes failed: Solo se completó una parte de una solicitud ReadProcessMemory o WriteProcessMemory. (0x12B)
[0320/131651.410:WARNING:pe_image_reader.cc(340)] could not read dos header from C:\WINDOWS\System32\WINTRUST.dll
[0320/131651.410:ERROR:process_memory_win.cc(73)] ReadMemory at 0x7fff84610000 of 64 bytes failed: Solo se completó una parte de una solicitud ReadProcessMemory o WriteProcessMemory. (0x12B)
[0320/131651.411:WARNING:pe_image_reader.cc(340)] could not read dos header from C:\WINDOWS\System32\MSASN1.dll
[0320/131651.411:ERROR:process_memory_win.cc(73)] ReadMemory at 0x7fff848b0000 of 64 bytes failed: Solo se completó una parte de una solicitud ReadProcessMemory o WriteProcessMemory. (0x12B)
[0320/131651.411:WARNING:pe_image_reader.cc(340)] could not read dos header from C:\WINDOWS\System32\CRYPT32.dll
[0320/131651.411:ERROR:process_memory_win.cc(73)] ReadMemory at 0x7fff83b20000 of 64 bytes failed: Solo se completó una parte de una solicitud ReadProcessMemory o WriteProcessMemory. (0x12B)
[0320/131651.411:WARNING:pe_image_reader.cc(340)] could not read dos header from C:\WINDOWS\SYSTEM32\IPHLPAPI.DLL
[0320/131651.411:ERROR:process_memory_win.cc(73)] ReadMemory at 0x7fff802b0000 of 64 bytes failed: Solo se completó una parte de una solicitud ReadProcessMemory o WriteProcessMemory. (0x12B)
[0320/131651.411:WARNING:pe_image_reader.cc(340)] could not read dos header from C:\WINDOWS\SYSTEM32\WINMM.dll
[0320/131651.411:ERROR:process_memory_win.cc(73)] ReadMemory at 0x7fff76430000 of 64 bytes failed: Solo se completó una parte de una solicitud ReadProcessMemory o WriteProcessMemory. (0x12B)
[0320/131651.411:WARNING:pe_image_reader.cc(340)] could not read dos header from C:\WINDOWS\SYSTEM32\Secur32.dll
[0320/131651.411:ERROR:process_memory_win.cc(73)] ReadMemory at 0x7fff84520000 of 64 bytes failed: Solo se completó una parte de una solicitud ReadProcessMemory o WriteProcessMemory. (0x12B)
[0320/131651.411:WARNING:pe_image_reader.cc(340)] could not read dos header from C:\WINDOWS\SYSTEM32\USERENV.dll
[0320/131651.411:ERROR:process_memory_win.cc(73)] ReadMemory at 0x7fff846a0000 of 64 bytes failed: Solo se completó una parte de una solicitud ReadProcessMemory o WriteProcessMemory. (0x12B)
[0320/131651.411:WARNING:pe_image_reader.cc(340)] could not read dos header from C:\WINDOWS\System32\profapi.dll
[0320/131651.412:ERROR:process_memory_win.cc(73)] ReadMemory at 0x7fff500d0000 of 64 bytes failed: Solo se completó una parte de una solicitud ReadProcessMemory o WriteProcessMemory. (0x12B)
[0320/131651.412:WARNING:pe_image_reader.cc(340)] could not read dos header from C:\WINDOWS\SYSTEM32\UIAutomationCore.DLL
[0320/131651.412:ERROR:process_memory_win.cc(73)] ReadMemory at 0x7fff7b620000 of 64 bytes failed: Solo se completó una parte de una solicitud ReadProcessMemory o WriteProcessMemory. (0x12B)
[0320/131651.412:WARNING:pe_image_reader.cc(340)] could not read dos header from C:\WINDOWS\SYSTEM32\WINHTTP.dll
[0320/131651.412:ERROR:process_memory_win.cc(73)] ReadMemory at 0x7fff61e50000 of 64 bytes failed: Solo se completó una parte de una solicitud ReadProcessMemory o WriteProcessMemory. (0x12B)
[0320/131651.412:WARNING:pe_image_reader.cc(340)] could not read dos header from C:\WINDOWS\SYSTEM32\DWrite.dll
[0320/131651.412:ERROR:process_memory_win.cc(73)] ReadMemory at 0x7fff78d60000 of 64 bytes failed: Solo se completó una parte de una solicitud ReadProcessMemory o WriteProcessMemory. (0x12B)
[0320/131651.412:WARNING:pe_image_reader.cc(340)] could not read dos header from C:\WINDOWS\SYSTEM32\WINSPOOL.DRV
[0320/131651.412:ERROR:process_memory_win.cc(73)] ReadMemory at 0x7fff84680000 of 64 bytes failed: Solo se completó una parte de una solicitud ReadProcessMemory o WriteProcessMemory. (0x12B)
[0320/131651.412:WARNING:pe_image_reader.cc(340)] could not read dos header from C:\WINDOWS\System32\kernel.appcore.dll
[0320/131651.412:ERROR:process_memory_win.cc(73)] ReadMemory at 0x7fff846d0000 of 64 bytes failed: Solo se completó una parte de una solicitud ReadProcessMemory o WriteProcessMemory. (0x12B)
[0320/131651.412:WARNING:pe_image_reader.cc(340)] could not read dos header from C:\WINDOWS\System32\bcrypt.dll
[0320/131651.412:ERROR:process_memory_win.cc(73)] ReadMemory at 0x7fff82d80000 of 64 bytes failed: Solo se completó una parte de una solicitud ReadProcessMemory o WriteProcessMemory. (0x12B)
[0320/131651.412:WARNING:pe_image_reader.cc(340)] could not read dos header from C:\WINDOWS\SYSTEM32\dbghelp.dll
[0320/131651.412:ERROR:process_memory_win.cc(73)] ReadMemory at 0x7fff819b0000 of 64 bytes failed: Solo se completó una parte de una solicitud ReadProcessMemory o WriteProcessMemory. (0x12B)
[0320/131651.412:WARNING:pe_image_reader.cc(340)] could not read dos header from C:\WINDOWS\SYSTEM32\dhcpcsvc.DLL
[0320/131651.412:ERROR:process_memory_win.cc(73)] ReadMemory at 0x7fff867d0000 of 64 bytes failed: Solo se completó una parte de una solicitud ReadProcessMemory o WriteProcessMemory. (0x12B)
[0320/131651.413:WARNING:pe_image_reader.cc(340)] could not read dos header from C:\WINDOWS\System32\NSI.dll
[0320/131651.413:ERROR:process_memory_win.cc(73)] ReadMemory at 0x7fff80280000 of 64 bytes failed: Solo se completó una parte de una solicitud ReadProcessMemory o WriteProcessMemory. (0x12B)
[0320/131651.413:WARNING:pe_image_reader.cc(340)] could not read dos header from C:\WINDOWS\SYSTEM32\WINMMBASE.dll
[0320/131651.413:ERROR:process_memory_win.cc(73)] ReadMemory at 0x7fff84760000 of 64 bytes failed: Solo se completó una parte de una solicitud ReadProcessMemory o WriteProcessMemory. (0x12B)
[0320/131651.413:WARNING:pe_image_reader.cc(340)] could not read dos header from C:\WINDOWS\System32\cfgmgr32.dll
[0320/131651.413:ERROR:process_memory_win.cc(73)] ReadMemory at 0x7fff82230000 of 64 bytes failed: Solo se completó una parte de una solicitud ReadProcessMemory o WriteProcessMemory. (0x12B)
[0320/131651.413:WARNING:pe_image_reader.cc(340)] could not read dos header from C:\WINDOWS\SYSTEM32\PROPSYS.dll
[0320/131651.413:ERROR:process_memory_win.cc(73)] ReadMemory at 0x7fff85d60000 of 64 bytes failed: Solo se completó una parte de una solicitud ReadProcessMemory o WriteProcessMemory. (0x12B)
[0320/131651.413:WARNING:pe_image_reader.cc(340)] could not read dos header from C:\WINDOWS\System32\shcore.dll
[0320/131651.413:ERROR:process_memory_win.cc(73)] ReadMemory at 0x7fff844f0000 of 64 bytes failed: Solo se completó una parte de una solicitud ReadProcessMemory o WriteProcessMemory. (0x12B)
[0320/131651.413:WARNING:pe_image_reader.cc(340)] could not read dos header from C:\WINDOWS\SYSTEM32\SSPICLI.DLL
[0320/131651.413:ERROR:process_memory_win.cc(73)] ReadMemory at 0x7fff83fe0000 of 64 bytes failed: Solo se completó una parte de una solicitud ReadProcessMemory o WriteProcessMemory. (0x12B)
[0320/131651.413:WARNING:pe_image_reader.cc(340)] could not read dos header from C:\WINDOWS\SYSTEM32\CRYPTBASE.DLL
[0320/131651.413:ERROR:process_memory_win.cc(73)] ReadMemory at 0x7ff734280000 of 64 bytes failed: Solo se completó una parte de una solicitud ReadProcessMemory o WriteProcessMemory. (0x12B)
[0320/131651.413:WARNING:pe_image_reader.cc(340)] could not read dos header from C:\Program Files (x86)\Microsoft\Edge\Application\msedge.exe
[0320/131651.413:ERROR:process_memory_win.cc(73)] ReadMemory at 0x7fff87740000 of 64 bytes failed: Solo se completó una parte de una solicitud ReadProcessMemory o WriteProcessMemory. (0x12B)
[0320/131651.414:WARNING:pe_image_reader.cc(340)] could not read dos header from C:\WINDOWS\SYSTEM32\ntdll.dll
[0320/131651.414:ERROR:process_memory_win.cc(73)] ReadMemory at 0x7fff87610000 of 64 bytes failed: Solo se completó una parte de una solicitud ReadProcessMemory o WriteProcessMemory. (0x12B)
[0320/131651.414:WARNING:pe_image_reader.cc(340)] could not read dos header from C:\WINDOWS\System32\KERNEL32.DLL
[0320/131651.414:ERROR:process_memory_win.cc(73)] ReadMemory at 0x7fff84ad0000 of 64 bytes failed: Solo se completó una parte de una solicitud ReadProcessMemory o WriteProcessMemory. (0x12B)
[0320/131651.414:WARNING:pe_image_reader.cc(340)] could not read dos header from C:\WINDOWS\System32\KERNELBASE.dll
[0320/131651.414:ERROR:process_memory_win.cc(73)] ReadMemory at 0x7fff3a6e0000 of 64 bytes failed: Solo se completó una parte de una solicitud ReadProcessMemory o WriteProcessMemory. (0x12B)
[0320/131651.414:WARNING:pe_image_reader.cc(340)] could not read dos header from C:\Program Files (x86)\Microsoft\Edge\Application\80.0.361.69\msedge_elf.dll
[0320/131651.414:ERROR:process_memory_win.cc(73)] ReadMemory at 0x7fff7f2c0000 of 64 bytes failed: Solo se completó una parte de una solicitud ReadProcessMemory o WriteProcessMemory. (0x12B)
[0320/131651.414:WARNING:pe_image_reader.cc(340)] could not read dos header from C:\WINDOWS\SYSTEM32\VERSION.dll
[0320/131651.414:ERROR:process_memory_win.cc(73)] ReadMemory at 0x7fff86640000 of 64 bytes failed: Solo se completó una parte de una solicitud ReadProcessMemory o WriteProcessMemory. (0x12B)
[0320/131651.414:WARNING:pe_image_reader.cc(340)] could not read dos header from C:\WINDOWS\System32\msvcrt.dll
[0320/131651.414:ERROR:process_memory_win.cc(73)] ReadMemory at 0x7fff84e20000 of 64 bytes failed: Solo se completó una parte de una solicitud ReadProcessMemory o WriteProcessMemory. (0x12B)
[0320/131651.414:WARNING:pe_image_reader.cc(340)] could not read dos header from C:\WINDOWS\System32\bcryptPrimitives.dll
[0320/131651.414:ERROR:process_memory_win.cc(73)] ReadMemory at 0x7fff85f50000 of 64 bytes failed: Solo se completó una parte de una solicitud ReadProcessMemory o WriteProcessMemory. (0x12B)
[0320/131651.414:WARNING:pe_image_reader.cc(340)] could not read dos header from C:\WINDOWS\System32\ADVAPI32.dll
[0320/131651.414:ERROR:process_memory_win.cc(73)] ReadMemory at 0x7fff85cc0000 of 64 bytes failed: Solo se completó una parte de una solicitud ReadProcessMemory o WriteProcessMemory. (0x12B)
[0320/131651.415:WARNING:pe_image_reader.cc(340)] could not read dos header from C:\WINDOWS\System32\sechost.dll
[0320/131651.415:ERROR:process_memory_win.cc(73)] ReadMemory at 0x7fff874f0000 of 64 bytes failed: Solo se completó una parte de una solicitud ReadProcessMemory o WriteProcessMemory. (0x12B)
[0320/131651.415:WARNING:pe_image_reader.cc(340)] could not read dos header from C:\WINDOWS\System32\RPCRT4.dll
[0320/131651.415:ERROR:process_memory_win.cc(73)] ReadMemory at 0x7fff2dff0000 of 64 bytes failed: Solo se completó una parte de una solicitud ReadProcessMemory o WriteProcessMemory. (0x12B)
[0320/131651.415:WARNING:pe_image_reader.cc(340)] could not read dos header from C:\Program Files (x86)\Microsoft\Edge\Application\80.0.361.69\msedge.dll
[0320/131651.415:ERROR:process_memory_win.cc(73)] ReadMemory at 0x7fff86760000 of 64 bytes failed: Solo se completó una parte de una solicitud ReadProcessMemory o WriteProcessMemory. (0x12B)
[0320/131651.415:WARNING:pe_image_reader.cc(340)] could not read dos header from C:\WINDOWS\System32\WS2_32.dll
[0320/131651.415:ERROR:process_memory_win.cc(73)] ReadMemory at 0x7fff867e0000 of 64 bytes failed: Solo se completó una parte de una solicitud ReadProcessMemory o WriteProcessMemory. (0x12B)
[0320/131651.415:WARNING:pe_image_reader.cc(340)] could not read dos header from C:\WINDOWS\System32\OLEAUT32.dll
[0320/131651.415:ERROR:process_memory_win.cc(73)] ReadMemory at 0x7fff84d80000 of 64 bytes failed: Solo se completó una parte de una solicitud ReadProcessMemory o WriteProcessMemory. (0x12B)
[0320/131651.415:WARNING:pe_image_reader.cc(340)] could not read dos header from C:\WINDOWS\System32\msvcp_win.dll
[0320/131651.415:ERROR:process_memory_win.cc(73)] ReadMemory at 0x7fff847b0000 of 64 bytes failed: Solo se completó una parte de una solicitud ReadProcessMemory o WriteProcessMemory. (0x12B)
[0320/131651.415:WARNING:pe_image_reader.cc(340)] could not read dos header from C:\WINDOWS\System32\ucrtbase.dll
[0320/131651.415:ERROR:process_memory_win.cc(73)] ReadMemory at 0x7fff86300000 of 64 bytes failed: Solo se completó una parte de una solicitud ReadProcessMemory o WriteProcessMemory. (0x12B)
[0320/131651.415:WARNING:pe_image_reader.cc(340)] could not read dos header from C:\WINDOWS\System32\combase.dll
[0320/131651.415:ERROR:process_memory_win.cc(73)] ReadMemory at 0x7fff84700000 of 64 bytes failed: Solo se completó una parte de una solicitud ReadProcessMemory o WriteProcessMemory. (0x12B)
[0320/131651.415:WARNING:pe_image_reader.cc(340)] could not read dos header from C:\WINDOWS\System32\WINTRUST.dll
[0320/131651.416:ERROR:process_memory_win.cc(73)] ReadMemory at 0x7fff84610000 of 64 bytes failed: Solo se completó una parte de una solicitud ReadProcessMemory o WriteProcessMemory. (0x12B)
[0320/131651.416:WARNING:pe_image_reader.cc(340)] could not read dos header from C:\WINDOWS\System32\MSASN1.dll
[0320/131651.416:ERROR:process_memory_win.cc(73)] ReadMemory at 0x7fff848b0000 of 64 bytes failed: Solo se completó una parte de una solicitud ReadProcessMemory o WriteProcessMemory. (0x12B)
[0320/131651.416:WARNING:pe_image_reader.cc(340)] could not read dos header from C:\WINDOWS\System32\CRYPT32.dll
[0320/131651.416:ERROR:process_memory_win.cc(73)] ReadMemory at 0x7fff83b20000 of 64 bytes failed: Solo se completó una parte de una solicitud ReadProcessMemory o WriteProcessMemory. (0x12B)
[0320/131651.416:WARNING:pe_image_reader.cc(340)] could not read dos header from C:\WINDOWS\SYSTEM32\IPHLPAPI.DLL
[0320/131651.416:ERROR:process_memory_win.cc(73)] ReadMemory at 0x7fff802b0000 of 64 bytes failed: Solo se completó una parte de una solicitud ReadProcessMemory o WriteProcessMemory. (0x12B)
[0320/131651.416:WARNING:pe_image_reader.cc(340)] could not read dos header from C:\WINDOWS\SYSTEM32\WINMM.dll
[0320/131651.416:ERROR:process_memory_win.cc(73)] ReadMemory at 0x7fff76430000 of 64 bytes failed: Solo se completó una parte de una solicitud ReadProcessMemory o WriteProcessMemory. (0x12B)
[0320/131651.416:WARNING:pe_image_reader.cc(340)] could not read dos header from C:\WINDOWS\SYSTEM32\Secur32.dll
[0320/131651.416:ERROR:process_memory_win.cc(73)] ReadMemory at 0x7fff84520000 of 64 bytes failed: Solo se completó una parte de una solicitud ReadProcessMemory o WriteProcessMemory. (0x12B)
[0320/131651.416:WARNING:pe_image_reader.cc(340)] could not read dos header from C:\WINDOWS\SYSTEM32\USERENV.dll
[0320/131651.416:ERROR:process_memory_win.cc(73)] ReadMemory at 0x7fff846a0000 of 64 bytes failed: Solo se completó una parte de una solicitud ReadProcessMemory o WriteProcessMemory. (0x12B)
[0320/131651.416:WARNING:pe_image_reader.cc(340)] could not read dos header from C:\WINDOWS\System32\profapi.dll
[0320/131651.417:ERROR:process_memory_win.cc(73)] ReadMemory at 0x7fff500d0000 of 64 bytes failed: Solo se completó una parte de una solicitud ReadProcessMemory o WriteProcessMemory. (0x12B)
[0320/131651.417:WARNING:pe_image_reader.cc(340)] could not read dos header from C:\WINDOWS\SYSTEM32\UIAutomationCore.DLL
[0320/131651.417:ERROR:process_memory_win.cc(73)] ReadMemory at 0x7fff7b620000 of 64 bytes failed: Solo se completó una parte de una solicitud ReadProcessMemory o WriteProcessMemory. (0x12B)
[0320/131651.417:WARNING:pe_image_reader.cc(340)] could not read dos header from C:\WINDOWS\SYSTEM32\WINHTTP.dll
[0320/131651.417:ERROR:process_memory_win.cc(73)] ReadMemory at 0x7fff61e50000 of 64 bytes failed: Solo se completó una parte de una solicitud ReadProcessMemory o WriteProcessMemory. (0x12B)
[0320/131651.417:WARNING:pe_image_reader.cc(340)] could not read dos header from C:\WINDOWS\SYSTEM32\DWrite.dll
[0320/131651.417:ERROR:process_memory_win.cc(73)] ReadMemory at 0x7fff78d60000 of 64 bytes failed: Solo se completó una parte de una solicitud ReadProcessMemory o WriteProcessMemory. (0x12B)
[0320/131651.417:WARNING:pe_image_reader.cc(340)] could not read dos header from C:\WINDOWS\SYSTEM32\WINSPOOL.DRV
[0320/131651.417:ERROR:process_memory_win.cc(73)] ReadMemory at 0x7fff84680000 of 64 bytes failed: Solo se completó una parte de una solicitud ReadProcessMemory o WriteProcessMemory. (0x12B)
[0320/131651.417:WARNING:pe_image_reader.cc(340)] could not read dos header from C:\WINDOWS\System32\kernel.appcore.dll
[0320/131651.417:ERROR:process_memory_win.cc(73)] ReadMemory at 0x7fff846d0000 of 64 bytes failed: Solo se completó una parte de una solicitud ReadProcessMemory o WriteProcessMemory. (0x12B)
[0320/131651.417:WARNING:pe_image_reader.cc(340)] could not read dos header from C:\WINDOWS\System32\bcrypt.dll
[0320/131651.417:ERROR:process_memory_win.cc(73)] ReadMemory at 0x7fff82d80000 of 64 bytes failed: Solo se completó una parte de una solicitud ReadProcessMemory o WriteProcessMemory. (0x12B)
[0320/131651.417:WARNING:pe_image_reader.cc(340)] could not read dos header from C:\WINDOWS\SYSTEM32\dbghelp.dll
[0320/131651.418:ERROR:process_memory_win.cc(73)] ReadMemory at 0x7fff819b0000 of 64 bytes failed: Solo se completó una parte de una solicitud ReadProcessMemory o WriteProcessMemory. (0x12B)
[0320/131651.418:WARNING:pe_image_reader.cc(340)] could not read dos header from C:\WINDOWS\SYSTEM32\dhcpcsvc.DLL
[0320/131651.418:ERROR:process_memory_win.cc(73)] ReadMemory at 0x7fff867d0000 of 64 bytes failed: Solo se completó una parte de una solicitud ReadProcessMemory o WriteProcessMemory. (0x12B)
[0320/131651.418:WARNING:pe_image_reader.cc(340)] could not read dos header from C:\WINDOWS\System32\NSI.dll
[0320/131651.418:ERROR:process_memory_win.cc(73)] ReadMemory at 0x7fff80280000 of 64 bytes failed: Solo se completó una parte de una solicitud ReadProcessMemory o WriteProcessMemory. (0x12B)
[0320/131651.418:WARNING:pe_image_reader.cc(340)] could not read dos header from C:\WINDOWS\SYSTEM32\WINMMBASE.dll
[0320/131651.418:ERROR:process_memory_win.cc(73)] ReadMemory at 0x7fff84760000 of 64 bytes failed: Solo se completó una parte de una solicitud ReadProcessMemory o WriteProcessMemory. (0x12B)
[0320/131651.418:WARNING:pe_image_reader.cc(340)] could not read dos header from C:\WINDOWS\System32\cfgmgr32.dll
[0320/131651.418:ERROR:process_memory_win.cc(73)] ReadMemory at 0x7fff82230000 of 64 bytes failed: Solo se completó una parte de una solicitud ReadProcessMemory o WriteProcessMemory. (0x12B)
[0320/131651.418:WARNING:pe_image_reader.cc(340)] could not read dos header from C:\WINDOWS\SYSTEM32\PROPSYS.dll
[0320/131651.418:ERROR:process_memory_win.cc(73)] ReadMemory at 0x7fff85d60000 of 64 bytes failed: Solo se completó una parte de una solicitud ReadProcessMemory o WriteProcessMemory. (0x12B)
[0320/131651.418:WARNING:pe_image_reader.cc(340)] could not read dos header from C:\WINDOWS\System32\shcore.dll
[0320/131651.418:ERROR:process_memory_win.cc(73)] ReadMemory at 0x7fff844f0000 of 64 bytes failed: Solo se completó una parte de una solicitud ReadProcessMemory o WriteProcessMemory. (0x12B)
[0320/131651.418:WARNING:pe_image_reader.cc(340)] could not read dos header from C:\WINDOWS\SYSTEM32\SSPICLI.DLL
[0320/131651.418:ERROR:process_memory_win.cc(73)] ReadMemory at 0x7fff83fe0000 of 64 bytes failed: Solo se completó una parte de una solicitud ReadProcessMemory o WriteProcessMemory. (0x12B)
[0320/131651.418:WARNING:pe_image_reader.cc(340)] could not read dos header from C:\WINDOWS\SYSTEM32\CRYPTBASE.DLL
[0320/131651.432:ERROR:process_memory_win.cc(73)] ReadMemory at 0x94cdf9000 of 28672 bytes failed: Solo se completó una parte de una solicitud ReadProcessMemory o WriteProcessMemory. (0x12B)
[0320/131651.432:ERROR:process_memory_win.cc(73)] ReadMemory at 0x94d5ff000 of 4096 bytes failed: Solo se completó una parte de una solicitud ReadProcessMemory o WriteProcessMemory. (0x12B)
[0320/131651.432:ERROR:process_memory_win.cc(73)] ReadMemory at 0x94ddfd000 of 12288 bytes failed: Solo se completó una parte de una solicitud ReadProcessMemory o WriteProcessMemory. (0x12B)
[0320/131651.433:ERROR:process_memory_win.cc(73)] ReadMemory at 0x94e5fd000 of 12288 bytes failed: Solo se completó una parte de una solicitud ReadProcessMemory o WriteProcessMemory. (0x12B)
[0320/131651.433:ERROR:process_memory_win.cc(73)] ReadMemory at 0x94edfd000 of 12288 bytes failed: Solo se completó una parte de una solicitud ReadProcessMemory o WriteProcessMemory. (0x12B)
[0320/131651.434:ERROR:process_memory_win.cc(73)] ReadMemory at 0x94f5fc000 of 16384 bytes failed: Solo se completó una parte de una solicitud ReadProcessMemory o WriteProcessMemory. (0x12B)
[0320/131651.435:ERROR:process_memory_win.cc(73)] ReadMemory at 0x94fdfd000 of 12288 bytes failed: Solo se completó una parte de una solicitud ReadProcessMemory o WriteProcessMemory. (0x12B)
[0320/131651.435:ERROR:process_memory_win.cc(73)] ReadMemory at 0x9505fc000 of 16384 bytes failed: Solo se completó una parte de una solicitud ReadProcessMemory o WriteProcessMemory. (0x12B)
[0320/131651.435:ERROR:process_memory_win.cc(73)] ReadMemory at 0x950dfd000 of 12288 bytes failed: Solo se completó una parte de una solicitud ReadProcessMemory o WriteProcessMemory. (0x12B)
[0320/131651.435:ERROR:process_memory_win.cc(73)] ReadMemory at 0x9515fd000 of 12288 bytes failed: Solo se completó una parte de una solicitud ReadProcessMemory o WriteProcessMemory. (0x12B)
[0320/131651.445:ERROR:process_memory_win.cc(73)] ReadMemory at 0x951dfd000 of 12288 bytes failed: Solo se completó una parte de una solicitud ReadProcessMemory o WriteProcessMemory. (0x12B)
[0320/131651.445:ERROR:process_memory_win.cc(73)] ReadMemory at 0x9525fd000 of 12288 bytes failed: Solo se completó una parte de una solicitud ReadProcessMemory o WriteProcessMemory. (0x12B)
[0320/131651.446:ERROR:process_memory_win.cc(73)] ReadMemory at 0x952dfd000 of 12288 bytes failed: Solo se completó una parte de una solicitud ReadProcessMemory o WriteProcessMemory. (0x12B)
[0320/131651.446:ERROR:process_memory_win.cc(73)] ReadMemory at 0x9535fd000 of 12288 bytes failed: Solo se completó una parte de una solicitud ReadProcessMemory o WriteProcessMemory. (0x12B)
[0320/131651.446:ERROR:process_memory_win.cc(73)] ReadMemory at 0x953dfd000 of 12288 bytes failed: Solo se completó una parte de una solicitud ReadProcessMemory o WriteProcessMemory. (0x12B)
[0320/131651.446:ERROR:process_memory_win.cc(73)] ReadMemory at 0x94c400000 of 6024 bytes failed: Solo se completó una parte de una solicitud ReadProcessMemory o WriteProcessMemory. (0x12B)
[0320/131651.447:ERROR:process_memory_win.cc(73)] ReadMemory at 0x94c402000 of 6024 bytes failed: Solo se completó una parte de una solicitud ReadProcessMemory o WriteProcessMemory. (0x12B)
[0320/131651.447:ERROR:process_memory_win.cc(73)] ReadMemory at 0x94c404000 of 6024 bytes failed: Solo se completó una parte de una solicitud ReadProcessMemory o WriteProcessMemory. (0x12B)
[0320/131651.447:ERROR:process_memory_win.cc(73)] ReadMemory at 0x94c406000 of 6024 bytes failed: Solo se completó una parte de una solicitud ReadProcessMemory o WriteProcessMemory. (0x12B)
[0320/131651.447:ERROR:process_memory_win.cc(73)] ReadMemory at 0x94c408000 of 6024 bytes failed: Solo se completó una parte de una solicitud ReadProcessMemory o WriteProcessMemory. (0x12B)
[0320/131651.447:ERROR:process_memory_win.cc(73)] ReadMemory at 0x94c40a000 of 6024 bytes failed: Solo se completó una parte de una solicitud ReadProcessMemory o WriteProcessMemory. (0x12B)
[0320/131651.448:ERROR:process_memory_win.cc(73)] ReadMemory at 0x94c40c000 of 6024 bytes failed: Solo se completó una parte de una solicitud ReadProcessMemory o WriteProcessMemory. (0x12B)
[0320/131651.450:ERROR:process_memory_win.cc(73)] ReadMemory at 0x94c40e000 of 6024 bytes failed: Solo se completó una parte de una solicitud ReadProcessMemory o WriteProcessMemory. (0x12B)
[0320/131651.452:ERROR:process_memory_win.cc(73)] ReadMemory at 0x94c410000 of 6024 bytes failed: Solo se completó una parte de una solicitud ReadProcessMemory o WriteProcessMemory. (0x12B)
[0320/131651.453:ERROR:process_memory_win.cc(73)] ReadMemory at 0x94c412000 of 6024 bytes failed: Solo se completó una parte de una solicitud ReadProcessMemory o WriteProcessMemory. (0x12B)
[0320/131651.453:ERROR:process_memory_win.cc(73)] ReadMemory at 0x94c414000 of 6024 bytes failed: Solo se completó una parte de una solicitud ReadProcessMemory o WriteProcessMemory. (0x12B)
[0320/131651.454:ERROR:process_memory_win.cc(73)] ReadMemory at 0x94c416000 of 6024 bytes failed: Solo se completó una parte de una solicitud ReadProcessMemory o WriteProcessMemory. (0x12B)
[0320/131651.454:ERROR:process_memory_win.cc(73)] ReadMemory at 0x94c5f9000 of 852 bytes failed: Solo se completó una parte de una solicitud ReadProcessMemory o WriteProcessMemory. (0x12B)
[0320/131651.454:ERROR:process_memory_win.cc(73)] ReadMemory at 0x94c5fa000 of 6024 bytes failed: Solo se completó una parte de una solicitud ReadProcessMemory o WriteProcessMemory. (0x12B)
[0320/131651.454:ERROR:process_memory_win.cc(73)] ReadMemory at 0x94c5fc000 of 6024 bytes failed: Solo se completó una parte de una solicitud ReadProcessMemory o WriteProcessMemory. (0x12B)
[0320/131651.457:ERROR:process_memory_win.cc(73)] ReadMemory at 0x94c5fe000 of 6024 bytes failed: Solo se completó una parte de una solicitud ReadProcessMemory o WriteProcessMemory. (0x12B)
[0320/131651.457:ERROR:process_memory_win.cc(73)] ReadMemory at 0x170610302c0 of 40 bytes failed: Solo se completó una parte de una solicitud ReadProcessMemory o WriteProcessMemory. (0x12B)
[0320/131651.457:ERROR:process_memory_win.cc(73)] ReadMemory at 0x170610402c0 of 40 bytes failed: Solo se completó una parte de una solicitud ReadProcessMemory o WriteProcessMemory. (0x12B)
[0320/131651.457:ERROR:process_memory_win.cc(73)] ReadMemory at 0x170611202c0 of 40 bytes failed: Solo se completó una parte de una solicitud ReadProcessMemory o WriteProcessMemory. (0x12B)
[0320/131651.458:ERROR:process_memory_win.cc(73)] ReadMemory at 0x170611402c0 of 40 bytes failed: Solo se completó una parte de una solicitud ReadProcessMemory o WriteProcessMemory. (0x12B)
[0320/131651.458:ERROR:process_memory_win.cc(73)] ReadMemory at 0x17061140750 of 80 bytes failed: Solo se completó una parte de una solicitud ReadProcessMemory o WriteProcessMemory. (0x12B)
[0320/131651.458:ERROR:process_memory_win.cc(73)] ReadMemory at 0x17061140fe0 of 20112 bytes failed: Solo se completó una parte de una solicitud ReadProcessMemory o WriteProcessMemory. (0x12B)
[0320/131651.458:ERROR:process_memory_win.cc(73)] ReadMemory at 0x17061145e80 of 1012 bytes failed: Solo se completó una parte de una solicitud ReadProcessMemory o WriteProcessMemory. (0x12B)
[0320/131651.458:ERROR:process_memory_win.cc(73)] ReadMemory at 0x170611464c8 of 120 bytes failed: Solo se completó una parte de una solicitud ReadProcessMemory o WriteProcessMemory. (0x12B)
[0320/131651.458:ERROR:process_memory_win.cc(73)] ReadMemory at 0x17061146542 of 864 bytes failed: Solo se completó una parte de una solicitud ReadProcessMemory o WriteProcessMemory. (0x12B)
[0320/131651.458:ERROR:process_memory_win.cc(73)] ReadMemory at 0x170611468a4 of 120 bytes failed: Solo se completó una parte de una solicitud ReadProcessMemory o WriteProcessMemory. (0x12B)
[0320/131651.458:ERROR:process_memory_win.cc(73)] ReadMemory at 0x1706114691e of 96 bytes failed: Solo se completó una parte de una solicitud ReadProcessMemory o WriteProcessMemory. (0x12B)
[0320/131651.458:ERROR:process_memory_win.cc(73)] ReadMemory at 0x17061146990 of 58 bytes failed: Solo se completó una parte de una solicitud ReadProcessMemory o WriteProcessMemory. (0x12B)
[0320/131651.460:ERROR:process_memory_win.cc(73)] ReadMemory at 0x17061146a90 of 132 bytes failed: Solo se completó una parte de una solicitud ReadProcessMemory o WriteProcessMemory. (0x12B)
[0320/131651.460:ERROR:process_memory_win.cc(73)] ReadMemory at 0x17061146c20 of 132 bytes failed: Solo se completó una parte de una solicitud ReadProcessMemory o WriteProcessMemory. (0x12B)
[0320/131651.460:ERROR:process_memory_win.cc(73)] ReadMemory at 0x17061146d30 of 512 bytes failed: Solo se completó una parte de una solicitud ReadProcessMemory o WriteProcessMemory. (0x12B)
[0320/131651.460:ERROR:process_memory_win.cc(73)] ReadMemory at 0x170611471c0 of 132 bytes failed: Solo se completó una parte de una solicitud ReadProcessMemory o WriteProcessMemory. (0x12B)
[0320/131651.460:ERROR:process_memory_win.cc(73)] ReadMemory at 0x17061147350 of 64 bytes failed: Solo se completó una parte de una solicitud ReadProcessMemory o WriteProcessMemory. (0x12B)
[0320/131651.460:ERROR:process_memory_win.cc(73)] ReadMemory at 0x17061147510 of 132 bytes failed: Solo se completó una parte de una solicitud ReadProcessMemory o WriteProcessMemory. (0x12B)
[0320/131651.460:ERROR:process_memory_win.cc(73)] ReadMemory at 0x170611477b0 of 132 bytes failed: Solo se completó una parte de una solicitud ReadProcessMemory o WriteProcessMemory. (0x12B)
[0320/131651.460:ERROR:process_memory_win.cc(73)] ReadMemory at 0x17061147940 of 68 bytes failed: Solo se completó una parte de una solicitud ReadProcessMemory o WriteProcessMemory. (0x12B)
[0320/131651.461:ERROR:process_memory_win.cc(73)] ReadMemory at 0x17061148a40 of 132 bytes failed: Solo se completó una parte de una solicitud ReadProcessMemory o WriteProcessMemory. (0x12B)
[0320/131651.461:ERROR:process_memory_win.cc(73)] ReadMemory at 0x17061148bd0 of 152 bytes failed: Solo se completó una parte de una solicitud ReadProcessMemory o WriteProcessMemory. (0x12B)
[0320/131651.461:ERROR:process_memory_win.cc(73)] ReadMemory at 0x170611499f0 of 132 bytes failed: Solo se completó una parte de una solicitud ReadProcessMemory o WriteProcessMemory. (0x12B)
[0320/131651.461:ERROR:process_memory_win.cc(73)] ReadMemory at 0x17061149b20 of 48 bytes failed: Solo se completó una parte de una solicitud ReadProcessMemory o WriteProcessMemory. (0x12B)
[0320/131651.461:ERROR:process_memory_win.cc(73)] ReadMemory at 0x1706114a0b0 of 132 bytes failed: Solo se completó una parte de una solicitud ReadProcessMemory o WriteProcessMemory. (0x12B)
[0320/131651.461:ERROR:process_memory_win.cc(73)] ReadMemory at 0x1706114a1e0 of 144 bytes failed: Solo se completó una parte de una solicitud ReadProcessMemory o WriteProcessMemory. (0x12B)
[0320/131651.461:ERROR:process_memory_win.cc(73)] ReadMemory at 0x1706114ae80 of 62 bytes failed: Solo se completó una parte de una solicitud ReadProcessMemory o WriteProcessMemory. (0x12B)
[0320/131651.461:ERROR:process_memory_win.cc(73)] ReadMemory at 0x1706114af60 of 60 bytes failed: Solo se completó una parte de una solicitud ReadProcessMemory o WriteProcessMemory. (0x12B)
[0320/131651.461:ERROR:process_memory_win.cc(73)] ReadMemory at 0x1706114bb50 of 132 bytes failed: Solo se completó una parte de una solicitud ReadProcessMemory o WriteProcessMemory. (0x12B)
[0320/131651.461:ERROR:process_memory_win.cc(73)] ReadMemory at 0x1706114ea50 of 64 bytes failed: Solo se completó una parte de una solicitud ReadProcessMemory o WriteProcessMemory. (0x12B)
[0320/131651.461:ERROR:process_memory_win.cc(73)] ReadMemory at 0x1706114eaf0 of 60 bytes failed: Solo se completó una parte de una solicitud ReadProcessMemory o WriteProcessMemory. (0x12B)
[0320/131651.461:ERROR:process_memory_win.cc(73)] ReadMemory at 0x1706114ebe0 of 62 bytes failed: Solo se completó una parte de una solicitud ReadProcessMemory o WriteProcessMemory. (0x12B)
[0320/131651.461:ERROR:process_memory_win.cc(73)] ReadMemory at 0x1706114ed20 of 64 bytes failed: Solo se completó una parte de una solicitud ReadProcessMemory o WriteProcessMemory. (0x12B)
[0320/131651.461:ERROR:process_memory_win.cc(73)] ReadMemory at 0x1706114ee10 of 60 bytes failed: Solo se completó una parte de una solicitud ReadProcessMemory o WriteProcessMemory. (0x12B)
[0320/131651.462:ERROR:process_memory_win.cc(73)] ReadMemory at 0x1706114efa0 of 64 bytes failed: Solo se completó una parte de una solicitud ReadProcessMemory o WriteProcessMemory. (0x12B)
[0320/131651.462:ERROR:process_memory_win.cc(73)] ReadMemory at 0x1706114eff0 of 62 bytes failed: Solo se completó una parte de una solicitud ReadProcessMemory o WriteProcessMemory. (0x12B)
[0320/131651.462:ERROR:process_memory_win.cc(73)] ReadMemory at 0x1706114f130 of 66 bytes failed: Solo se completó una parte de una solicitud ReadProcessMemory o WriteProcessMemory. (0x12B)
[0320/131651.462:ERROR:process_memory_win.cc(73)] ReadMemory at 0x1706114f180 of 64 bytes failed: Solo se completó una parte de una solicitud ReadProcessMemory o WriteProcessMemory. (0x12B)
[0320/131651.462:ERROR:process_memory_win.cc(73)] ReadMemory at 0x1706114f260 of 132 bytes failed: Solo se completó una parte de una solicitud ReadProcessMemory o WriteProcessMemory. (0x12B)
[0320/131651.462:ERROR:process_memory_win.cc(73)] ReadMemory at 0x1706114f390 of 132 bytes failed: Solo se completó una parte de una solicitud ReadProcessMemory o WriteProcessMemory. (0x12B)
[0320/131651.462:ERROR:process_memory_win.cc(73)] ReadMemory at 0x1706114f4c0 of 132 bytes failed: Solo se completó una parte de una solicitud ReadProcessMemory o WriteProcessMemory. (0x12B)
[0320/131651.462:ERROR:process_memory_win.cc(73)] ReadMemory at 0x1706114f720 of 132 bytes failed: Solo se completó una parte de una solicitud ReadProcessMemory o WriteProcessMemory. (0x12B)
[0320/131651.463:ERROR:process_memory_win.cc(73)] ReadMemory at 0x1706114f850 of 132 bytes failed: Solo se completó una parte de una solicitud ReadProcessMemory o WriteProcessMemory. (0x12B)
[0320/131651.463:ERROR:process_memory_win.cc(73)] ReadMemory at 0x1706114f980 of 132 bytes failed: Solo se completó una parte de una solicitud ReadProcessMemory o WriteProcessMemory. (0x12B)
[0320/131651.463:ERROR:process_memory_win.cc(73)] ReadMemory at 0x1706114fab0 of 132 bytes failed: Solo se completó una parte de una solicitud ReadProcessMemory o WriteProcessMemory. (0x12B)
[0320/131651.463:ERROR:process_memory_win.cc(73)] ReadMemory at 0x1706114fbe0 of 132 bytes failed: Solo se completó una parte de una solicitud ReadProcessMemory o WriteProcessMemory. (0x12B)
[0320/131651.463:ERROR:process_memory_win.cc(73)] ReadMemory at 0x1706114fd10 of 132 bytes failed: Solo se completó una parte de una solicitud ReadProcessMemory o WriteProcessMemory. (0x12B)
[0320/131651.463:ERROR:process_memory_win.cc(73)] ReadMemory at 0x1706114fe40 of 132 bytes failed: Solo se completó una parte de una solicitud ReadProcessMemory o WriteProcessMemory. (0x12B)
[0320/131651.463:ERROR:process_memory_win.cc(73)] ReadMemory at 0x1706114ff70 of 132 bytes failed: Solo se completó una parte de una solicitud ReadProcessMemory o WriteProcessMemory. (0x12B)
[0320/131651.463:ERROR:process_memory_win.cc(73)] ReadMemory at 0x170611500a0 of 132 bytes failed: Solo se completó una parte de una solicitud ReadProcessMemory o WriteProcessMemory. (0x12B)
[0320/131651.464:ERROR:process_memory_win.cc(73)] ReadMemory at 0x17061153830 of 48 bytes failed: Solo se completó una parte de una solicitud ReadProcessMemory o WriteProcessMemory. (0x12B)
[0320/131651.464:ERROR:process_memory_win.cc(73)] ReadMemory at 0x17061153a30 of 54 bytes failed: Solo se completó una parte de una solicitud ReadProcessMemory o WriteProcessMemory. (0x12B)
[0320/131651.464:ERROR:process_memory_win.cc(73)] ReadMemory at 0x17061153b30 of 48 bytes failed: Solo se completó una parte de una solicitud ReadProcessMemory o WriteProcessMemory. (0x12B)
[0320/131651.464:ERROR:process_memory_win.cc(73)] ReadMemory at 0x17061153bb0 of 48 bytes failed: Solo se completó una parte de una solicitud ReadProcessMemory o WriteProcessMemory. (0x12B)
[0320/131651.464:ERROR:process_memory_win.cc(73)] ReadMemory at 0x17061154ca0 of 132 bytes failed: Solo se completó una parte de una solicitud ReadProcessMemory o WriteProcessMemory. (0x12B)
[0320/131651.464:ERROR:process_memory_win.cc(73)] ReadMemory at 0x17061154e80 of 124 bytes failed: Solo se completó una parte de una solicitud ReadProcessMemory o WriteProcessMemory. (0x12B)
[0320/131651.464:ERROR:process_memory_win.cc(73)] ReadMemory at 0x17061155470 of 132 bytes failed: Solo se completó una parte de una solicitud ReadProcessMemory o WriteProcessMemory. (0x12B)
[0320/131651.464:ERROR:process_memory_win.cc(73)] ReadMemory at 0x17061157140 of 80 bytes failed: Solo se completó una parte de una solicitud ReadProcessMemory o WriteProcessMemory. (0x12B)
[0320/131651.464:ERROR:process_memory_win.cc(73)] ReadMemory at 0x17061157380 of 76 bytes failed: Solo se completó una parte de una solicitud ReadProcessMemory o WriteProcessMemory. (0x12B)
[0320/131651.464:ERROR:process_memory_win.cc(73)] ReadMemory at 0x17061157cd0 of 62 bytes failed: Solo se completó una parte de una solicitud ReadProcessMemory o WriteProcessMemory. (0x12B)
[0320/131651.465:ERROR:process_memory_win.cc(73)] ReadMemory at 0x17061157dc0 of 60 bytes failed: Solo se completó una parte de una solicitud ReadProcessMemory o WriteProcessMemory. (0x12B)
[0320/131651.465:ERROR:process_memory_win.cc(73)] ReadMemory at 0x17061157e60 of 64 bytes failed: Solo se completó una parte de una solicitud ReadProcessMemory o WriteProcessMemory. (0x12B)
[0320/131651.465:ERROR:process_memory_win.cc(73)] ReadMemory at 0x17061157f00 of 62 bytes failed: Solo se completó una parte de una solicitud ReadProcessMemory o WriteProcessMemory. (0x12B)
[0320/131651.465:ERROR:process_memory_win.cc(73)] ReadMemory at 0x17061158040 of 62 bytes failed: Solo se completó una parte de una solicitud ReadProcessMemory o WriteProcessMemory. (0x12B)
[0320/131651.465:ERROR:process_memory_win.cc(73)] ReadMemory at 0x170611580e0 of 64 bytes failed: Solo se completó una parte de una solicitud ReadProcessMemory o WriteProcessMemory. (0x12B)
[0320/131651.465:ERROR:process_memory_win.cc(73)] ReadMemory at 0x17061158220 of 60 bytes failed: Solo se completó una parte de una solicitud ReadProcessMemory o WriteProcessMemory. (0x12B)
[0320/131651.465:ERROR:process_memory_win.cc(73)] ReadMemory at 0x170611582c0 of 60 bytes failed: Solo se completó una parte de una solicitud ReadProcessMemory o WriteProcessMemory. (0x12B)
[0320/131651.465:ERROR:process_memory_win.cc(73)] ReadMemory at 0x17061158450 of 64 bytes failed: Solo se completó una parte de una solicitud ReadProcessMemory o WriteProcessMemory. (0x12B)
[0320/131651.465:ERROR:process_memory_win.cc(73)] ReadMemory at 0x170611584f0 of 66 bytes failed: Solo se completó una parte de una solicitud ReadProcessMemory o WriteProcessMemory. (0x12B)
[0320/131651.466:ERROR:process_memory_win.cc(73)] ReadMemory at 0x17061158540 of 62 bytes failed: Solo se completó una parte de una solicitud ReadProcessMemory o WriteProcessMemory. (0x12B)
[0320/131651.466:ERROR:process_memory_win.cc(73)] ReadMemory at 0x17061158590 of 62 bytes failed: Solo se completó una parte de una solicitud ReadProcessMemory o WriteProcessMemory. (0x12B)
[0320/131651.466:ERROR:process_memory_win.cc(73)] ReadMemory at 0x17061158720 of 62 bytes failed: Solo se completó una parte de una solicitud ReadProcessMemory o WriteProcessMemory. (0x12B)
[0320/131651.466:ERROR:process_memory_win.cc(73)] ReadMemory at 0x17061158900 of 64 bytes failed: Solo se completó una parte de una solicitud ReadProcessMemory o WriteProcessMemory. (0x12B)
[0320/131651.467:ERROR:process_memory_win.cc(73)] ReadMemory at 0x17061158950 of 62 bytes failed: Solo se completó una parte de una solicitud ReadProcessMemory o WriteProcessMemory. (0x12B)
[0320/131651.467:ERROR:process_memory_win.cc(73)] ReadMemory at 0x170611589a0 of 62 bytes failed: Solo se completó una parte de una solicitud ReadProcessMemory o WriteProcessMemory. (0x12B)
[0320/131651.467:ERROR:process_memory_win.cc(73)] ReadMemory at 0x17061158a40 of 58 bytes failed: Solo se completó una parte de una solicitud ReadProcessMemory o WriteProcessMemory. (0x12B)
[0320/131651.467:ERROR:process_memory_win.cc(73)] ReadMemory at 0x17061158b30 of 60 bytes failed: Solo se completó una parte de una solicitud ReadProcessMemory o WriteProcessMemory. (0x12B)
[0320/131651.467:ERROR:process_memory_win.cc(73)] ReadMemory at 0x17061159630 of 132 bytes failed: Solo se completó una parte de una solicitud ReadProcessMemory o WriteProcessMemory. (0x12B)
[0320/131651.468:ERROR:process_memory_win.cc(73)] ReadMemory at 0x17061159990 of 132 bytes failed: Solo se completó una parte de una solicitud ReadProcessMemory o WriteProcessMemory. (0x12B)
[0320/131651.468:ERROR:process_memory_win.cc(73)] ReadMemory at 0x17061159ba0 of 132 bytes failed: Solo se completó una parte de una solicitud ReadProcessMemory o WriteProcessMemory. (0x12B)
[0320/131651.468:ERROR:process_memory_win.cc(73)] ReadMemory at 0x1706115b9e0 of 132 bytes failed: Solo se completó una parte de una solicitud ReadProcessMemory o WriteProcessMemory. (0x12B)
[0320/131651.468:ERROR:process_memory_win.cc(73)] ReadMemory at 0x1706115bd30 of 132 bytes failed: Solo se completó una parte de una solicitud ReadProcessMemory o WriteProcessMemory. (0x12B)
[0320/131651.468:ERROR:process_memory_win.cc(73)] ReadMemory at 0x1706115be60 of 132 bytes failed: Solo se completó una parte de una solicitud ReadProcessMemory o WriteProcessMemory. (0x12B)
[0320/131651.468:ERROR:process_memory_win.cc(73)] ReadMemory at 0x1706115c240 of 132 bytes failed: Solo se completó una parte de una solicitud ReadProcessMemory o WriteProcessMemory. (0x12B)
[0320/131651.468:ERROR:process_memory_win.cc(73)] ReadMemory at 0x1706115c4a0 of 132 bytes failed: Solo se completó una parte de una solicitud ReadProcessMemory o WriteProcessMemory. (0x12B)
[0320/131651.468:ERROR:process_memory_win.cc(73)] ReadMemory at 0x1706115c5d0 of 132 bytes failed: Solo se completó una parte de una solicitud ReadProcessMemory o WriteProcessMemory. (0x12B)
[0320/131651.469:ERROR:process_memory_win.cc(73)] ReadMemory at 0x1706115c700 of 132 bytes failed: Solo se completó una parte de una solicitud ReadProcessMemory o WriteProcessMemory. (0x12B)
[0320/131651.469:ERROR:process_memory_win.cc(73)] ReadMemory at 0x1706115cbc0 of 132 bytes failed: Solo se completó una parte de una solicitud ReadProcessMemory o WriteProcessMemory. (0x12B)
[0320/131651.469:ERROR:process_memory_win.cc(73)] ReadMemory at 0x1706115d080 of 132 bytes failed: Solo se completó una parte de una solicitud ReadProcessMemory o WriteProcessMemory. (0x12B)
[0320/131651.469:ERROR:process_memory_win.cc(73)] ReadMemory at 0x1706115d2e0 of 132 bytes failed: Solo se completó una parte de una solicitud ReadProcessMemory o WriteProcessMemory. (0x12B)
[0320/131651.469:ERROR:process_memory_win.cc(73)] ReadMemory at 0x1706115d410 of 132 bytes failed: Solo se completó una parte de una solicitud ReadProcessMemory o WriteProcessMemory. (0x12B)
[0320/131651.469:ERROR:process_memory_win.cc(73)] ReadMemory at 0x1706115da00 of 132 bytes failed: Solo se completó una parte de una solicitud ReadProcessMemory o WriteProcessMemory. (0x12B)
[0320/131651.469:ERROR:process_memory_win.cc(73)] ReadMemory at 0x1706115db30 of 132 bytes failed: Solo se completó una parte de una solicitud ReadProcessMemory o WriteProcessMemory. (0x12B)
[0320/131651.469:ERROR:process_memory_win.cc(73)] ReadMemory at 0x17061168810 of 40 bytes failed: Solo se completó una parte de una solicitud ReadProcessMemory o WriteProcessMemory. (0x12B)
[0320/131651.470:ERROR:process_memory_win.cc(73)] ReadMemory at 0x17061172a60 of 512 bytes failed: Solo se completó una parte de una solicitud ReadProcessMemory o WriteProcessMemory. (0x12B)
[0320/131651.470:ERROR:process_memory_win.cc(73)] ReadMemory at 0x17061175590 of 40 bytes failed: Solo se completó una parte de una solicitud ReadProcessMemory o WriteProcessMemory. (0x12B)
[0320/131651.470:ERROR:process_memory_win.cc(73)] ReadMemory at 0x170613b1240 of 512 bytes failed: Solo se completó una parte de una solicitud ReadProcessMemory o WriteProcessMemory. (0x12B)
[0320/131651.470:ERROR:process_memory_win.cc(73)] ReadMemory at 0x170613d02c0 of 40 bytes failed: Solo se completó una parte de una solicitud ReadProcessMemory o WriteProcessMemory. (0x12B)
[0320/131651.470:ERROR:process_memory_win.cc(73)] ReadMemory at 0x170614702c0 of 40 bytes failed: Solo se completó una parte de una solicitud ReadProcessMemory o WriteProcessMemory. (0x12B)
[0320/131651.470:ERROR:process_memory_win.cc(73)] ReadMemory at 0x170614c02c0 of 40 bytes failed: Solo se completó una parte de una solicitud ReadProcessMemory o WriteProcessMemory. (0x12B)
[0320/131651.470:ERROR:process_memory_win.cc(73)] ReadMemory at 0x170616b02c0 of 40 bytes failed: Solo se completó una parte de una solicitud ReadProcessMemory o WriteProcessMemory. (0x12B)
[0320/131651.471:ERROR:process_memory_win.cc(73)] ReadMemory at 0x17061705480 of 512 bytes failed: Solo se completó una parte de una solicitud ReadProcessMemory o WriteProcessMemory. (0x12B)
[0320/131651.471:ERROR:process_memory_win.cc(73)] ReadMemory at 0x170617076a0 of 512 bytes failed: Solo se completó una parte de una solicitud ReadProcessMemory o WriteProcessMemory. (0x12B)
[0320/131651.471:ERROR:process_memory_win.cc(73)] ReadMemory at 0x17061707f40 of 512 bytes failed: Solo se completó una parte de una solicitud ReadProcessMemory o WriteProcessMemory. (0x12B)
[0320/131651.471:ERROR:process_memory_win.cc(73)] ReadMemory at 0x170617095a0 of 512 bytes failed: Solo se completó una parte de una solicitud ReadProcessMemory o WriteProcessMemory. (0x12B)
[0320/131651.471:ERROR:process_memory_win.cc(73)] ReadMemory at 0x1706171a860 of 512 bytes failed: Solo se completó una parte de una solicitud ReadProcessMemory o WriteProcessMemory. (0x12B)
[0320/131651.471:ERROR:process_memory_win.cc(73)] ReadMemory at 0x17061722c80 of 712 bytes failed: Solo se completó una parte de una solicitud ReadProcessMemory o WriteProcessMemory. (0x12B)
[0320/131651.471:ERROR:process_memory_win.cc(73)] ReadMemory at 0x17061725d38 of 1088 bytes failed: Solo se completó una parte de una solicitud ReadProcessMemory o WriteProcessMemory. (0x12B)
[0320/131651.471:ERROR:process_memory_win.cc(73)] ReadMemory at 0x170637d0000 of 384 bytes failed: Solo se completó una parte de una solicitud ReadProcessMemory o WriteProcessMemory. (0x12B)
[0320/131651.471:ERROR:process_memory_win.cc(73)] ReadMemory at 0x170638226d0 of 512 bytes failed: Solo se completó una parte de una solicitud ReadProcessMemory o WriteProcessMemory. (0x12B)
[0320/131651.472:ERROR:process_memory_win.cc(73)] ReadMemory at 0x17063852ea0 of 512 bytes failed: Solo se completó una parte de una solicitud ReadProcessMemory o WriteProcessMemory. (0x12B)
[0320/131651.472:ERROR:process_memory_win.cc(73)] ReadMemory at 0x170638b6610 of 512 bytes failed: Solo se completó una parte de una solicitud ReadProcessMemory o WriteProcessMemory. (0x12B)
[0320/131651.472:ERROR:process_memory_win.cc(73)] ReadMemory at 0x17063911b50 of 512 bytes failed: Solo se completó una parte de una solicitud ReadProcessMemory o WriteProcessMemory. (0x12B)
[0320/131651.472:ERROR:process_memory_win.cc(73)] ReadMemory at 0x17063935a38 of 512 bytes failed: Solo se completó una parte de una solicitud ReadProcessMemory o WriteProcessMemory. (0x12B)
[0320/131651.472:ERROR:process_memory_win.cc(73)] ReadMemory at 0x17063947bf0 of 512 bytes failed: Solo se completó una parte de una solicitud ReadProcessMemory o WriteProcessMemory. (0x12B)
[0320/131651.472:ERROR:process_memory_win.cc(73)] ReadMemory at 0x7fff3075e27c of 512 bytes failed: Solo se completó una parte de una solicitud ReadProcessMemory o WriteProcessMemory. (0x12B)
[0320/131651.472:ERROR:process_memory_win.cc(73)] ReadMemory at 0x7fff30e30f8e of 553 bytes failed: Solo se completó una parte de una solicitud ReadProcessMemory o WriteProcessMemory. (0x12B)
[0320/131651.472:ERROR:process_memory_win.cc(73)] ReadMemory at 0x7fff3a7b6f40 of 40 bytes failed: Solo se completó una parte de una solicitud ReadProcessMemory o WriteProcessMemory. (0x12B)
[0320/131651.472:ERROR:process_memory_win.cc(73)] ReadMemory at 0x7fff84518cb0 of 40 bytes failed: Solo se completó una parte de una solicitud ReadProcessMemory o WriteProcessMemory. (0x12B)
[0320/131651.473:ERROR:process_memory_win.cc(73)] ReadMemory at 0x7fff84d3b720 of 512 bytes failed: Solo se completó una parte de una solicitud ReadProcessMemory o WriteProcessMemory. (0x12B)
[0320/131651.473:ERROR:process_memory_win.cc(73)] ReadMemory at 0x7fff877dc0c4 of 672 bytes failed: Solo se completó una parte de una solicitud ReadProcessMemory o WriteProcessMemory. (0x12B)
[0320/131651.473:ERROR:process_memory_win.cc(73)] ReadMemory at 0x7fff877dc6c4 of 512 bytes failed: Solo se completó una parte de una solicitud ReadProcessMemory o WriteProcessMemory. (0x12B)
[0320/131651.473:ERROR:process_memory_win.cc(73)] ReadMemory at 0x7fff877df974 of 608 bytes failed: Solo se completó una parte de una solicitud ReadProcessMemory o WriteProcessMemory. (0x12B)
[0320/131651.473:ERROR:process_memory_win.cc(73)] ReadMemory at 0x7fff8786c428 of 18 bytes failed: Solo se completó una parte de una solicitud ReadProcessMemory o WriteProcessMemory. (0x12B)
[0320/131651.473:ERROR:process_memory_win.cc(73)] ReadMemory at 0x7fff8789f4f8 of 40 bytes failed: Solo se completó una parte de una solicitud ReadProcessMemory o WriteProcessMemory. (0x12B)
[0320/131651.473:ERROR:process_memory_win.cc(73)] ReadMemory at 0x7fff8789f560 of 48 bytes failed: Solo se completó una parte de una solicitud ReadProcessMemory o WriteProcessMemory. (0x12B)
[0320/131651.473:ERROR:process_memory_win.cc(73)] ReadMemory at 0x7fff8789f978 of 48 bytes failed: Solo se completó una parte de una solicitud ReadProcessMemory o WriteProcessMemory. (0x12B)
[0320/131651.474:ERROR:process_memory_win.cc(73)] ReadMemory at 0x7fff878a3be0 of 40 bytes failed: Solo se completó una parte de una solicitud ReadProcessMemory o WriteProcessMemory. (0x12B)
[0320/131651.474:ERROR:process_memory_win.cc(73)] ReadMemory at 0x7fff878a3d40 of 384 bytes failed: Solo se completó una parte de una solicitud ReadProcessMemory o WriteProcessMemory. (0x12B)
[0320/131651.474:ERROR:process_memory_win.cc(73)] ReadMemory at 0x7fff878a53c0 of 64 bytes failed: Solo se completó una parte de una solicitud ReadProcessMemory o WriteProcessMemory. (0x12B)
[0320/131651.476:ERROR:scoped_process_suspend.cc(40)] NtResumeProcess: Se intentó obtener acceso a un proceso que está cerrándose. (0xc000010a)
